Namespace(attention=0, batch_size=16, build_starspace=0, cbow=0, embed_dim=50, exp_name='wordsent_2.pth', focalloss=1, gpu_id=1, hidden_dim=100, log_interval=100, lr=0.001, lr_decay_epoch=10, lr_decay_rate=0.9, model_file='newdata_wordsent_2.pth', num_epochs=20, num_workers=4, train_path='/misc/vlgscratch2/LecunGroup/laura/medical_notes/processed_data/10codesL5_UNK_content_2_top1_train_data.pkl', use_starspace=1, val_path='/misc/vlgscratch2/LecunGroup/laura/medical_notes/processed_data/10codesL5_UNK_content_2_top1_valid_data.pkl', vocab_threshold=5)
('Train size:', 7793)
('Valid size:', 973)
Counter({'41401': 2085, '0389': 1440, '41071': 1062, '51881': 772, '4241': 755, '431': 617, '486': 466, 'V3001': 270, 'V3101': 166, 'V3000': 160})
('Vocab size:', 2288)
['<PAD>', 'UNK', '', 'limited', 'oxygenation', '-cad', 'hypercholesterolemia', 'implants', 'powders', 'narcotic', 'four', 'obstruction', 'sleep', 'fibrillation/flutter', 'valvuloplasty', 'poorly', 'klebsiella', 'increase', 'feeding', 'coarctation']
====================== Data examples =======================
['114787', [['discharge', 'diagnosis', ':', 'coronary', 'artery', 'disease', 's/p', 'coronary', 'artery', 'bypass', 'grafting', 'times', 'd', ';', 'left', 'internal', 'mammary', 'artery', 'graft', 'to', 'left', 'anterior', 'descending', ',', 'reverse', 'saphenous', 'vein', 'grafts', 'to', 'the', 'ramus', 'intermedius', ',', 'marginal', 'branch', ',', 'right', 'coronary', 'artery', 'a']], '41401']
=============================================================
['145754', [['discharge', 'diagnosis', ':', 'cad', 'pvd', 'htn', 'hyperlipidemia', 'gout', 'metabolic', 'syndrome', 'UNK', 'morbid', 'obesity', 'dm', 'gerd', 'tia', 'left', 'carotid', 'disease', 'sleep', 'apnea', 'ppm', 'for', 'symptomatic', 'bradycardia', 'tonsillectomy', 'lle', 'bypass', 'postop', 'a', 'fib', 'discharge', 'condition', ':', 'good'], ['']], '41401']
=============================================================
['144708', [['discharge', 'diagnosis', ':', 'sepsis', 'vaginal', 'UNK', 'pancytopenia', 'urinary', 'tract', 'infection', 'discharge', 'condition', ':', 'good', 'discharge', 'instructions', ':', 'you', 'will', 'be', 'followed', 'by', 'the', 'UNK', 'at', 'the', 'rehab', 'facility'], ['if', 'you', 'have', 'any', 'concerns', ',', 'UNK', 'can', 'UNK', 'UNK'], ['']], '0389']
=============================================================
['199391', [['discharge', 'diagnosis', ':', 'primary', 'diagnoses', ':', 'post-obstructive', 'pneumonia', 'seconday', 'diagnoses', ':', 'squamous', 'cell', 'lung', 'cancer', 'discharge', 'condition', ':', 'mental', 'status', ':', 'clear', 'and', 'coherent'], ['level', 'of', 'consciousness', ':', 'alert', 'and', 'interactive'], ['activity', 'status', ':', 'ambulatory', '-', 'i']], '486']
=============================================================
['145202', [['discharge', 'diagnosis', ':', 'respiratory', 'failure', 'pneumonia', ',', 'UNK', 'nos', 'chronic', 'obstructive', 'pulmonary', 'disease', 'discharge', 'condition', ':', 'deceased', 'discharge', 'instructions', ':', 'none', 'followup', 'instructions', ':', 'none']], '0389']
=============================================================
['167256', [['discharge', 'diagnosis', ':', 'intracerebral', 'hemorrhage', 'discharge', 'condition', ':', 'dead']], '431']
=============================================================
['114078', [['discharge', 'diagnosis', ':', 'aortic', 'stenosis', 's/p', 'redo-sternotomy', ',', 'aortic', 'valve', 'replacment', 'pmh', ':', 'coronary', 'artery', 'disease', 's/p', 'coronary', 'artery', 'bypass', 'graft', ',', 'hyperlipidemia', ',', 'hypertension', ',', 'chronic', 'UNK', 'leukemia', ',', 'gastroesophageal', 'reflux', 'disease', ',', 'st']], '4241']
=============================================================
['165284', [['discharge', 'diagnosis', ':', 'd'], ['term', 'newborn', 'd'], ['small', 'for', 'gestational', 'age', 'd'], ['status', 'post', 'hypoglycemia', 'd'], ['status', 'post', 'physiologic', 'hyperbilirubinemia', ',', 'm'], ['d'], ['[**md', 'n']], 'V3001']
=============================================================
['148154', [['discharge', 'diagnosis', ':', 'primary', ':', 'chf', 'cad', 'resp', 'failure', 'secondary', ':', 'esrd', 'copd', 'dmd', 'discharge', 'condition', ':', 'stable', 'discharge', 'instructions', ':', 'please', 'take', 'all', 'medications', 'as', 'prescribed'], ['seek', 'medical', 'attention', 'immediately', 'if', 'you', 'experience', 'symptoms', 'including', 's']], '41071']
=============================================================
['126879', [['discharge', 'diagnosis', ':', 'cardiogenic', 'shock', 'septic', 'shock', 'acute', 'on', 'chronic', 'kidney', 'injury', 'discharge', 'condition', ':', 'expired', 'discharge', 'instructions', ':', 'expired', 'followup', 'instructions', ':', 'expired', '[**la']], '0389']
=============================================================
=============================================================
['', 'limited', 'oxygenation', '-cad', 'hypercholesterolemia', 'implants', 'powders', 'narcotic', 'four', 'obstruction', 'sleep', 'bypas', 'valvuloplasty', 'poorly', 'klebsiella', 'paroxysmal', 'feeding', 'coarctation', 'plavix', 'ventral']
{'41071': 0, 'V3001': 9, '0389': 2, '4241': 3, '51881': 8, 'V3101': 5, '486': 6, '41401': 1, 'V3000': 4, '431': 7}
[2, 3, 4, 5, 6, 7, 8, 9, 10, 11, 12, 1134, 14, 15, 16, 750, 18, 19, 20, 21]
Label mix training data
Counter({'41401': 2085, '0389': 1440, '41071': 1062, '51881': 772, '4241': 755, '431': 617, '486': 466, 'V3001': 270, 'V3101': 166, 'V3000': 160})
Label mix valid data
Counter({'41401': 243, '0389': 206, '41071': 136, '51881': 89, '4241': 88, '431': 80, '486': 57, 'V3001': 30, 'V3000': 25, 'V3101': 19})
13208
51
<type 'dict'>
Embeddings loaded
('', array([ -5.58568000e-03,  -3.57529000e-03,  -1.12471000e-03,
        -4.98128000e-03,  -4.31956000e-03,  -5.64025000e-03,
        -3.71513000e-03,   7.78788000e-04,  -4.71359000e-04,
        -3.28333000e-03,  -3.73827000e-04,  -4.65486000e-03,
         4.93558000e-04,   4.21067000e-03,  -4.25178000e-03,
        -1.76577000e-03,   4.73828000e-03,   1.54215000e-03,
        -6.47415000e-03,   8.39352000e-04,  -5.61413000e-04,
         3.22060000e-03,  -7.22899000e-05,   2.16527000e-03,
        -1.40206000e-04,  -4.37053000e-03,   4.23560000e-04,
        -1.11617000e-03,   4.51826000e-03,  -2.50370000e-04,
        -5.34544000e-05,   2.60362000e-03,   2.25863000e-03,
        -3.27851000e-03,   1.08270000e-03,   4.70688000e-03,
        -5.37211000e-03,   1.93304000e-03,   7.69165000e-03,
         3.79070000e-03,   1.17437000e-03,   2.37817000e-03,
         3.81363000e-03,   2.82852000e-03,   7.19775000e-03,
        -5.04047000e-04,   1.24476000e-04,   3.36864000e-03,
         5.18095000e-03,   3.84774000e-05]))
('elevation)', array([-0.0167936 ,  0.0129389 ,  0.00634951, -0.00571457,  0.0238086 ,
       -0.00179271, -0.00918471,  0.00719655,  0.0290287 , -0.0152088 ,
       -0.0162745 ,  0.00165059, -0.041395  ,  0.0127128 , -0.0358891 ,
       -0.0113693 ,  0.00435486, -0.00516296,  0.00397296,  0.00153432,
        0.00255779,  0.00925621,  0.00132788, -0.00514505,  0.00080028,
        0.0101301 , -0.0025252 ,  0.00115921, -0.00452952,  0.00831373,
       -0.00857943,  0.00095617,  0.0232685 ,  0.00866925, -0.00951614,
        0.0144192 , -0.0101087 ,  0.0168133 , -0.00591199,  0.00183277,
       -0.00871566, -0.0146989 , -0.015784  , -0.0112815 , -0.00364662,
       -0.0021494 , -0.0142092 , -0.00846238,  0.00049025, -0.0120894 ]))
('pacemaker', array([-0.00263758,  0.00516859, -0.0171979 ,  0.0100818 , -0.00115922,
       -0.00423109,  0.00029695,  0.0149546 ,  0.00818783, -0.0231162 ,
        0.0103106 , -0.0106168 , -0.00031205,  0.00130369,  0.0023231 ,
       -0.00827475,  0.0042188 ,  0.00740185, -0.0105918 , -0.0051116 ,
       -0.00135011,  0.0111367 , -0.00385249, -0.00257517, -0.00551682,
        0.0117559 ,  0.00564071, -0.00452333, -0.00874829, -0.00208852,
        0.00242421, -0.00075785,  0.00769986, -0.00223687, -0.00329498,
        0.00712558,  0.00089059,  0.00541839, -0.00352701,  0.00536203,
        0.00663314, -0.00207932,  0.0007805 , -0.00010857, -0.00471041,
        0.00529625,  0.00552641,  0.00475922,  0.00328143,  0.0063832 ]))
('dmg/hr', array([-0.0148137 , -0.00640395,  0.00173752, -0.035683  , -0.0073231 ,
       -0.00754622, -0.0122305 , -0.0353211 , -0.00473574, -0.00189436,
        0.00419301,  0.00499843, -0.0146347 ,  0.00582408, -0.00037058,
       -0.00298797, -0.0202093 , -0.00053174, -0.0163033 , -0.0259719 ,
       -0.00927689, -0.0226584 ,  0.00891389,  0.0262943 ,  0.00785014,
        0.0101794 ,  0.00063363,  0.015846  ,  0.0190713 , -0.0190074 ,
        0.0155234 , -0.0008695 ,  0.0155494 ,  0.0123736 ,  0.00121591,
       -0.00170613,  0.00314928,  0.0090563 ,  0.0199215 ,  0.0197135 ,
        0.0242564 , -0.0213831 , -0.0162439 ,  0.0118931 ,  0.00808033,
        0.0177265 , -0.00988786, -0.00041203, -0.031992  ,  0.00979616]))
Embedding matrix size torch.Size([2288, 50])
2133 embeddings of a total of 2286 initialized with starspace embeddings
Embedding matrix created
Data Loaded in 0.04 mns.
data loader done
Using Hierachical model
WordSentModel (
  (word_rnn): WordModel (
    (word_embed): Embedding(2288, 50)
    (word_rnn): GRU(50, 100, bidirectional=True)
  )
  (sent_rnn): SentModel (
    (sent_rnn): GRU(200, 200, bidirectional=True)
  )
  (clf): Classifer (
    (lin): Linear (400 -> 10)
  )
)
Model embeddings initialized with starspace
Using focal loss
Starting training...
(0, 973)
Epoch: 0, Step: 0, Train Loss: 19.24, Val Loss: 1.11, Val acc: 0.000
Param Norm1: 23117.44, grad Norm1: 101.94, Param Norm12: 34.01, grad Norm2: 1.00
(61, 973)
Epoch: 0, Step: 100, Train Loss: 5.19, Val Loss: 0.30, Val acc: 0.063
Param Norm1: 23457.40, grad Norm1: 76.39, Param Norm12: 34.59, grad Norm2: 1.00
(366, 973)
Epoch: 0, Step: 200, Train Loss: 4.64, Val Loss: 0.27, Val acc: 0.376
Param Norm1: 23827.30, grad Norm1: 63.49, Param Norm12: 35.23, grad Norm2: 1.00
(305, 973)
Epoch: 0, Step: 300, Train Loss: 4.63, Val Loss: 0.27, Val acc: 0.313
Param Norm1: 24293.15, grad Norm1: 49.10, Param Norm12: 36.04, grad Norm2: 1.00
(305, 973)
Epoch: 0, Step: 400, Train Loss: 4.65, Val Loss: 0.28, Val acc: 0.313
Param Norm1: 24810.93, grad Norm1: 52.59, Param Norm12: 36.91, grad Norm2: 1.00
('LR changed to', 0.0009000000000000001)
Evaluating on training set
Processed 0 batches
(Variable containing:
 0.1016  0.0686  0.1641  0.0750  0.0702  0.0920  0.0949  0.1285  0.1241  0.0810
 0.1013  0.0678  0.1646  0.0746  0.0703  0.0924  0.0949  0.1289  0.1241  0.0812
 0.1629  0.3678  0.0616  0.1407  0.0294  0.0258  0.0591  0.0435  0.0803  0.0289
 0.1017  0.0687  0.1640  0.0751  0.0701  0.0919  0.0949  0.1285  0.1241  0.0809
 0.1009  0.0669  0.1651  0.0741  0.0705  0.0928  0.0949  0.1294  0.1240  0.0815
 0.1638  0.3558  0.0638  0.1410  0.0306  0.0272  0.0605  0.0456  0.0818  0.0300
 0.1009  0.0671  0.1650  0.0742  0.0704  0.0927  0.0949  0.1293  0.1241  0.0814
 0.1627  0.3706  0.0611  0.1406  0.0291  0.0255  0.0588  0.0430  0.0800  0.0286
 0.1583  0.1853  0.1071  0.1207  0.0507  0.0546  0.0811  0.0831  0.1072  0.0520
 0.1013  0.0677  0.1646  0.0746  0.0703  0.0924  0.0949  0.1289  0.1241  0.0812
 0.1633  0.3584  0.0634  0.1409  0.0303  0.0269  0.0602  0.0452  0.0816  0.0298
 0.1729  0.3325  0.0674  0.1398  0.0324  0.0300  0.0613  0.0490  0.0831  0.0316
 0.1017  0.0686  0.1641  0.0750  0.0702  0.0919  0.0949  0.1285  0.1241  0.0810
 0.1639  0.3467  0.0656  0.1411  0.0315  0.0284  0.0616  0.0473  0.0831  0.0309
 0.1026  0.0666  0.1673  0.0733  0.0704  0.0919  0.0949  0.1285  0.1231  0.0812
 0.1632  0.3603  0.0630  0.1409  0.0301  0.0267  0.0600  0.0448  0.0813  0.0296
[torch.cuda.FloatTensor of size 16x10 (GPU 1)]
, 
 2
 2
 1
 2
 2
 1
 2
 1
 1
 2
 1
 1
 2
 1
 2
 1
[torch.cuda.LongTensor of size 16 (GPU 1)]
, Variable containing:
 2
 6
 3
 7
 0
 1
 2
 1
 0
 6
 3
 1
 8
 1
 2
 3
[torch.cuda.LongTensor of size 16 (GPU 1)]
)
Processed 100 batches
Processed 200 batches
Processed 300 batches
Processed 400 batches
3354/7792 correct, 0.430%, avg loss: 3.82375846506
Evaluating on validation set
Processed 0 batches
(Variable containing:
 0.0919  0.0579  0.1668  0.0697  0.0721  0.1002  0.0947  0.1369  0.1248  0.0850
 0.1527  0.2532  0.0861  0.1376  0.0427  0.0434  0.0743  0.0691  0.0981  0.0427
 0.0922  0.0585  0.1665  0.0700  0.0720  0.0998  0.0948  0.1365  0.1248  0.0849
 0.0921  0.0584  0.1665  0.0700  0.0721  0.0999  0.0948  0.1366  0.1248  0.0849
 0.1585  0.3430  0.0655  0.1435  0.0320  0.0295  0.0624  0.0488  0.0851  0.0317
 0.0921  0.0582  0.1666  0.0699  0.0721  0.0999  0.0948  0.1367  0.1248  0.0849
 0.1582  0.3574  0.0627  0.1434  0.0305  0.0277  0.0606  0.0460  0.0831  0.0302
 0.2704  0.2459  0.1034  0.1052  0.0359  0.0267  0.0643  0.0470  0.0690  0.0323
 0.1548  0.1941  0.1016  0.1259  0.0497  0.0548  0.0795  0.0829  0.1060  0.0507
 0.0978  0.0680  0.1600  0.0762  0.0705  0.0950  0.0948  0.1316  0.1244  0.0816
 0.1171  0.1036  0.1395  0.0953  0.0645  0.0804  0.0924  0.1156  0.1207  0.0710
 0.0925  0.0593  0.1659  0.0706  0.0719  0.0993  0.0949  0.1361  0.1249  0.0846
 0.1582  0.3574  0.0627  0.1434  0.0305  0.0277  0.0607  0.0461  0.0831  0.0302
 0.0961  0.0663  0.1613  0.0750  0.0707  0.0957  0.0951  0.1324  0.1248  0.0824
 0.1585  0.3466  0.0648  0.1435  0.0316  0.0291  0.0620  0.0481  0.0846  0.0313
 0.1076  0.0893  0.1475  0.0882  0.0671  0.0858  0.0944  0.1221  0.1228  0.0754
[torch.cuda.FloatTensor of size 16x10 (GPU 1)]
, 
 2
 1
 2
 2
 1
 2
 1
 0
 1
 2
 2
 2
 1
 2
 1
 2
[torch.cuda.LongTensor of size 16 (GPU 1)]
, Variable containing:
 2
 1
 2
 8
 1
 2
 1
 0
 8
 2
 0
 8
 3
 2
 1
 1
[torch.cuda.LongTensor of size 16 (GPU 1)]
)
422/960 correct, 0.440%, avg loss: 3.82744330565
(305, 973)
Epoch: 1, Step: 500, Train Loss: 4.35, Val Loss: 0.26, Val acc: 0.313
Param Norm1: 27543.32, grad Norm1: 64.03, Param Norm12: 42.25, grad Norm2: 1.00
(488, 973)
Epoch: 1, Step: 600, Train Loss: 3.74, Val Loss: 0.23, Val acc: 0.502
Param Norm1: 28059.20, grad Norm1: 53.54, Param Norm12: 43.24, grad Norm2: 1.00
(488, 973)
Epoch: 1, Step: 700, Train Loss: 3.66, Val Loss: 0.19, Val acc: 0.502
Param Norm1: 28643.96, grad Norm1: 56.76, Param Norm12: 44.23, grad Norm2: 1.00
(549, 973)
Epoch: 1, Step: 800, Train Loss: 3.57, Val Loss: 0.20, Val acc: 0.564
Param Norm1: 29201.94, grad Norm1: 62.69, Param Norm12: 45.18, grad Norm2: 1.00
(610, 973)
Epoch: 1, Step: 900, Train Loss: 3.47, Val Loss: 0.16, Val acc: 0.627
Param Norm1: 29951.70, grad Norm1: 69.85, Param Norm12: 46.53, grad Norm2: 1.00
Evaluating on training set
Processed 0 batches
(Variable containing:
 0.1114  0.0584  0.1966  0.1039  0.0375  0.0308  0.1136  0.1352  0.1749  0.0378
 0.0967  0.0498  0.2225  0.0578  0.0398  0.0329  0.1258  0.1513  0.1808  0.0426
 0.0855  0.0458  0.2256  0.0514  0.0432  0.0358  0.1268  0.1537  0.1843  0.0479
 0.0454  0.0332  0.1960  0.0229  0.0813  0.0759  0.1173  0.1256  0.1699  0.1326
 0.1060  0.0570  0.2003  0.0971  0.0388  0.0319  0.1149  0.1372  0.1769  0.0399
 0.1026  0.0539  0.2079  0.0821  0.0394  0.0323  0.1189  0.1431  0.1792  0.0408
 0.0829  0.0445  0.2284  0.0467  0.0438  0.0365  0.1282  0.1551  0.1845  0.0494
 0.1713  0.5392  0.0362  0.1561  0.0051  0.0049  0.0292  0.0179  0.0347  0.0054
 0.1634  0.1707  0.0597  0.4145  0.0136  0.0118  0.0455  0.0366  0.0719  0.0123
 0.0887  0.0472  0.2229  0.0557  0.0424  0.0351  0.1257  0.1523  0.1835  0.0464
 0.2462  0.3536  0.0733  0.1583  0.0075  0.0067  0.0493  0.0376  0.0609  0.0066
 0.1679  0.5545  0.0347  0.1504  0.0047  0.0046  0.0280  0.0169  0.0331  0.0050
 0.1617  0.5949  0.0323  0.1268  0.0042  0.0041  0.0260  0.0154  0.0301  0.0045
 0.1757  0.6524  0.0338  0.0636  0.0029  0.0030  0.0244  0.0141  0.0267  0.0033
 0.1594  0.6081  0.0314  0.1202  0.0039  0.0038  0.0251  0.0148  0.0290  0.0043
 0.1546  0.1273  0.0719  0.4148  0.0168  0.0145  0.0519  0.0454  0.0875  0.0151
[torch.cuda.FloatTensor of size 16x10 (GPU 1)]
, 
 2
 2
 2
 2
 2
 2
 2
 1
 3
 2
 1
 1
 1
 1
 1
 3
[torch.cuda.LongTensor of size 16 (GPU 1)]
, Variable containing:
 8
 2
 6
 5
 2
 7
 8
 1
 0
 8
 0
 1
 1
 1
 1
 2
[torch.cuda.LongTensor of size 16 (GPU 1)]
)
Processed 100 batches
Processed 200 batches
Processed 300 batches
Processed 400 batches
3954/7792 correct, 0.507%, avg loss: 3.29310883193
Evaluating on validation set
Processed 0 batches
(Variable containing:
 0.1530  0.6365  0.0289  0.1082  0.0034  0.0034  0.0231  0.0133  0.0264  0.0038
 0.0957  0.0488  0.2220  0.0625  0.0393  0.0324  0.1236  0.1511  0.1831  0.0415
 0.1621  0.5938  0.0317  0.1298  0.0041  0.0040  0.0255  0.0150  0.0296  0.0044
 0.1511  0.6449  0.0282  0.1047  0.0033  0.0032  0.0225  0.0129  0.0256  0.0036
 0.0776  0.0420  0.2317  0.0441  0.0447  0.0372  0.1278  0.1569  0.1872  0.0509
 0.2486  0.3795  0.0734  0.1510  0.0060  0.0048  0.0437  0.0340  0.0537  0.0051
 0.1337  0.0708  0.1614  0.1839  0.0315  0.0264  0.0957  0.1079  0.1586  0.0301
 0.1510  0.6483  0.0279  0.1026  0.0032  0.0031  0.0223  0.0127  0.0253  0.0035
 0.1809  0.4378  0.0406  0.2255  0.0067  0.0062  0.0329  0.0212  0.0415  0.0067
 0.0729  0.0399  0.2352  0.0380  0.0461  0.0387  0.1294  0.1584  0.1875  0.0540
 0.1276  0.0641  0.1911  0.1197  0.0329  0.0274  0.1087  0.1272  0.1693  0.0320
 0.1338  0.7122  0.0235  0.0736  0.0024  0.0024  0.0186  0.0102  0.0206  0.0027
 0.1220  0.0634  0.1829  0.1319  0.0351  0.0291  0.1069  0.1249  0.1691  0.0345
 0.0862  0.0447  0.2313  0.0479  0.0412  0.0343  0.1276  0.1561  0.1852  0.0454
 0.0774  0.0413  0.2357  0.0394  0.0440  0.0369  0.1299  0.1585  0.1865  0.0506
 0.1658  0.2055  0.0508  0.4145  0.0113  0.0100  0.0401  0.0301  0.0616  0.0104
[torch.cuda.FloatTensor of size 16x10 (GPU 1)]
, 
 1
 2
 1
 1
 2
 1
 3
 1
 1
 2
 2
 1
 2
 2
 2
 3
[torch.cuda.LongTensor of size 16 (GPU 1)]
, Variable containing:
 1
 6
 1
 0
 7
 1
 3
 1
 1
 7
 8
 1
 2
 8
 8
 3
[torch.cuda.LongTensor of size 16 (GPU 1)]
)
490/960 correct, 0.510%, avg loss: 3.37771150271
(488, 973)
Epoch: 2, Step: 1000, Train Loss: 3.34, Val Loss: 0.20, Val acc: 0.502
Param Norm1: 30604.71, grad Norm1: 83.26, Param Norm12: 47.77, grad Norm2: 1.00
(549, 973)
Epoch: 2, Step: 1100, Train Loss: 3.08, Val Loss: 0.18, Val acc: 0.564
Param Norm1: 31203.53, grad Norm1: 82.44, Param Norm12: 48.92, grad Norm2: 1.00
(610, 973)
Epoch: 2, Step: 1200, Train Loss: 3.12, Val Loss: 0.15, Val acc: 0.627
Param Norm1: 31812.71, grad Norm1: 62.73, Param Norm12: 50.03, grad Norm2: 1.00
(610, 973)
Epoch: 2, Step: 1300, Train Loss: 2.91, Val Loss: 0.14, Val acc: 0.627
Param Norm1: 32594.69, grad Norm1: 71.80, Param Norm12: 51.45, grad Norm2: 1.00
(610, 973)
Epoch: 2, Step: 1400, Train Loss: 2.75, Val Loss: 0.20, Val acc: 0.627
Param Norm1: 33281.51, grad Norm1: 96.37, Param Norm12: 52.71, grad Norm2: 1.00
Evaluating on training set
Processed 0 batches
(Variable containing:
 0.0519  0.0353  0.3387  0.0060  0.0185  0.0140  0.0750  0.3300  0.1012  0.0295
 0.0557  0.0290  0.5131  0.0068  0.0087  0.0056  0.1174  0.0996  0.1531  0.0111
 0.3835  0.2193  0.0808  0.1005  0.0161  0.0120  0.0607  0.0185  0.0917  0.0169
 0.3866  0.3374  0.0529  0.0904  0.0099  0.0074  0.0383  0.0101  0.0561  0.0109
 0.1044  0.0575  0.2096  0.0568  0.0260  0.0159  0.1799  0.0468  0.2756  0.0274
 0.4060  0.2589  0.0659  0.0954  0.0135  0.0101  0.0488  0.0146  0.0724  0.0143
 0.2818  0.5016  0.0327  0.0926  0.0072  0.0054  0.0256  0.0068  0.0373  0.0091
 0.0489  0.0315  0.3651  0.0045  0.0136  0.0107  0.0661  0.3494  0.0878  0.0224
 0.1844  0.1107  0.0572  0.3486  0.0302  0.0192  0.0767  0.0122  0.1328  0.0281
 0.3778  0.3081  0.0550  0.1111  0.0115  0.0084  0.0433  0.0104  0.0623  0.0122
 0.0829  0.0455  0.3314  0.0215  0.0176  0.0111  0.1646  0.0737  0.2313  0.0204
 0.2728  0.5274  0.0339  0.0805  0.0063  0.0048  0.0245  0.0067  0.0351  0.0081
 0.0405  0.0303  0.2354  0.0048  0.0216  0.0178  0.0559  0.4792  0.0759  0.0387
 0.0506  0.0261  0.5261  0.0059  0.0086  0.0055  0.1129  0.1071  0.1460  0.0112
 0.0310  0.0267  0.0195  0.0157  0.1885  0.2481  0.0166  0.0874  0.0228  0.3438
 0.2546  0.5520  0.0297  0.0843  0.0062  0.0047  0.0222  0.0061  0.0320  0.0081
[torch.cuda.FloatTensor of size 16x10 (GPU 1)]
, 
 2
 2
 0
 0
 8
 0
 1
 2
 3
 0
 2
 1
 7
 2
 9
 1
[torch.cuda.LongTensor of size 16 (GPU 1)]
, Variable containing:
 7
 2
 0
 0
 2
 1
 0
 7
 3
 0
 2
 0
 7
 2
 9
 1
[torch.cuda.LongTensor of size 16 (GPU 1)]
)
Processed 100 batches
Processed 200 batches
Processed 300 batches
Processed 400 batches
5121/7792 correct, 0.657%, avg loss: 2.52132542569
Evaluating on validation set
Processed 0 batches
(Variable containing:
 0.2405  0.5637  0.0289  0.0874  0.0066  0.0050  0.0219  0.0063  0.0313  0.0085
 0.0286  0.0248  0.0435  0.0062  0.0757  0.0964  0.0207  0.5109  0.0288  0.1644
 0.0755  0.0445  0.2872  0.0313  0.0224  0.0137  0.1807  0.0638  0.2558  0.0251
 0.2663  0.5349  0.0353  0.0758  0.0064  0.0048  0.0249  0.0077  0.0358  0.0082
 0.2730  0.1334  0.1091  0.1314  0.0293  0.0205  0.0950  0.0325  0.1467  0.0291
 0.0456  0.0317  0.0664  0.0134  0.1389  0.1555  0.0362  0.1991  0.0437  0.2695
 0.2621  0.5161  0.0324  0.0971  0.0078  0.0059  0.0254  0.0072  0.0362  0.0098
 0.0473  0.0258  0.4550  0.0090  0.0138  0.0088  0.1403  0.1038  0.1784  0.0177
 0.0360  0.0311  0.0203  0.0253  0.2016  0.2336  0.0202  0.0698  0.0271  0.3348
 0.0713  0.0407  0.3811  0.0138  0.0180  0.0121  0.1388  0.1150  0.1864  0.0228
 0.2383  0.5668  0.0285  0.0877  0.0065  0.0049  0.0217  0.0062  0.0309  0.0085
 0.2557  0.5267  0.0313  0.0969  0.0076  0.0057  0.0246  0.0069  0.0350  0.0096
 0.0212  0.0163  0.0981  0.0021  0.0171  0.0170  0.0221  0.7387  0.0306  0.0367
 0.0780  0.0458  0.2826  0.0330  0.0222  0.0135  0.1808  0.0617  0.2576  0.0248
 0.2308  0.5913  0.0280  0.0752  0.0059  0.0045  0.0207  0.0062  0.0296  0.0079
 0.0793  0.0454  0.3469  0.0165  0.0214  0.0147  0.1390  0.1203  0.1895  0.0269
[torch.cuda.FloatTensor of size 16x10 (GPU 1)]
, 
 1
 7
 2
 1
 0
 9
 1
 2
 9
 2
 1
 1
 7
 2
 1
 2
[torch.cuda.LongTensor of size 16 (GPU 1)]
, Variable containing:
 0
 4
 8
 1
 0
 9
 1
 2
 5
 2
 1
 1
 7
 2
 0
 2
[torch.cuda.LongTensor of size 16 (GPU 1)]
)
616/960 correct, 0.642%, avg loss: 2.54094265898
(732, 973)
Epoch: 3, Step: 1500, Train Loss: 2.54, Val Loss: 0.16, Val acc: 0.752
Param Norm1: 33888.26, grad Norm1: 99.08, Param Norm12: 53.86, grad Norm2: 1.00
(671, 973)
Epoch: 3, Step: 1600, Train Loss: 2.42, Val Loss: 0.13, Val acc: 0.690
Param Norm1: 34483.07, grad Norm1: 75.29, Param Norm12: 54.95, grad Norm2: 1.00
(793, 973)
Epoch: 3, Step: 1700, Train Loss: 2.35, Val Loss: 0.10, Val acc: 0.815
Param Norm1: 34936.05, grad Norm1: 70.84, Param Norm12: 55.78, grad Norm2: 1.00
(671, 973)
Epoch: 3, Step: 1800, Train Loss: 2.43, Val Loss: 0.17, Val acc: 0.690
Param Norm1: 35373.23, grad Norm1: 70.80, Param Norm12: 56.58, grad Norm2: 1.00
(732, 973)
Epoch: 3, Step: 1900, Train Loss: 2.31, Val Loss: 0.09, Val acc: 0.752
Param Norm1: 35830.49, grad Norm1: 68.72, Param Norm12: 57.44, grad Norm2: 1.00
Evaluating on training set
Processed 0 batches
(Variable containing:
 0.1289  0.0597  0.1895  0.0320  0.0346  0.0213  0.1506  0.0799  0.2719  0.0315
 0.2166  0.6187  0.0354  0.0459  0.0068  0.0045  0.0167  0.0088  0.0381  0.0086
 0.2675  0.5219  0.0570  0.0376  0.0086  0.0060  0.0235  0.0169  0.0506  0.0103
 0.1146  0.0546  0.2057  0.0271  0.0340  0.0207  0.1519  0.0867  0.2736  0.0311
 0.3377  0.3679  0.0892  0.0374  0.0109  0.0077  0.0350  0.0266  0.0761  0.0115
 0.2262  0.6010  0.0380  0.0455  0.0073  0.0049  0.0180  0.0097  0.0401  0.0092
 0.0807  0.0436  0.1804  0.0322  0.0342  0.0209  0.1748  0.0658  0.3365  0.0309
 0.2167  0.5936  0.0328  0.0706  0.0076  0.0051  0.0171  0.0074  0.0395  0.0095
 0.1174  0.0576  0.1615  0.0413  0.0342  0.0213  0.1647  0.0624  0.3086  0.0309
 0.0361  0.0133  0.7839  0.0031  0.0041  0.0019  0.0297  0.0360  0.0882  0.0038
 0.1969  0.6507  0.0304  0.0491  0.0060  0.0039  0.0143  0.0071  0.0339  0.0076
 0.2024  0.6456  0.0329  0.0429  0.0063  0.0041  0.0150  0.0081  0.0346  0.0080
 0.0378  0.0293  0.0114  0.0209  0.2373  0.2700  0.0184  0.0600  0.0385  0.2764
 0.0752  0.0369  0.2544  0.0198  0.0311  0.0185  0.1575  0.0822  0.2960  0.0283
 0.2623  0.0982  0.1394  0.0606  0.0297  0.0193  0.1088  0.0538  0.2000  0.0279
 0.2191  0.6133  0.0363  0.0456  0.0071  0.0047  0.0172  0.0092  0.0385  0.0090
[torch.cuda.FloatTensor of size 16x10 (GPU 1)]
, 
 8
 1
 1
 8
 1
 1
 8
 1
 8
 2
 1
 1
 9
 8
 0
 1
[torch.cuda.LongTensor of size 16 (GPU 1)]
, Variable containing:
 8
 1
 1
 2
 1
 1
 6
 0
 6
 2
 1
 1
 4
 8
 0
 1
[torch.cuda.LongTensor of size 16 (GPU 1)]
)
Processed 100 batches
Processed 200 batches
Processed 300 batches
Processed 400 batches
5443/7792 correct, 0.699%, avg loss: 2.19073905176
Evaluating on validation set
Processed 0 batches
(Variable containing:
 0.0716  0.0401  0.1694  0.0437  0.0307  0.0184  0.1764  0.0470  0.3751  0.0276
 0.3537  0.2282  0.0808  0.0862  0.0213  0.0146  0.0584  0.0253  0.1092  0.0224
 0.0219  0.0141  0.0157  0.0016  0.0208  0.0122  0.0092  0.8609  0.0220  0.0217
 0.0403  0.0302  0.0111  0.0189  0.2358  0.2858  0.0164  0.0650  0.0335  0.2630
 0.0914  0.0443  0.2556  0.0180  0.0354  0.0209  0.1377  0.1170  0.2465  0.0331
 0.1935  0.6530  0.0319  0.0460  0.0062  0.0041  0.0149  0.0079  0.0345  0.0080
 0.0350  0.0123  0.7899  0.0030  0.0039  0.0019  0.0291  0.0355  0.0857  0.0037
 0.3523  0.2131  0.1210  0.0380  0.0197  0.0135  0.0540  0.0664  0.1018  0.0202
 0.2067  0.6278  0.0347  0.0475  0.0069  0.0045  0.0166  0.0089  0.0378  0.0087
 0.2234  0.6009  0.0385  0.0470  0.0073  0.0048  0.0182  0.0102  0.0407  0.0090
 0.1044  0.0506  0.2152  0.0233  0.0389  0.0236  0.1466  0.1050  0.2562  0.0362
 0.1207  0.0738  0.1025  0.2505  0.0274  0.0165  0.1018  0.0203  0.2624  0.0241
 0.1770  0.6834  0.0294  0.0420  0.0054  0.0034  0.0136  0.0069  0.0318  0.0069
 0.0762  0.0423  0.1755  0.0375  0.0334  0.0202  0.1752  0.0575  0.3519  0.0302
 0.1171  0.0651  0.1155  0.0894  0.0371  0.0236  0.1553  0.0416  0.3215  0.0337
 0.0206  0.0130  0.0184  0.0013  0.0137  0.0074  0.0078  0.8841  0.0199  0.0138
[torch.cuda.FloatTensor of size 16x10 (GPU 1)]
, 
 8
 0
 7
 5
 2
 1
 2
 0
 1
 1
 8
 8
 1
 8
 8
 7
[torch.cuda.LongTensor of size 16 (GPU 1)]
, Variable containing:
 6
 0
 7
 4
 8
 1
 2
 1
 0
 1
 2
 2
 1
 2
 8
 7
[torch.cuda.LongTensor of size 16 (GPU 1)]
)
621/960 correct, 0.647%, avg loss: 2.35703051686
(854, 973)
Epoch: 4, Step: 2000, Train Loss: 2.30, Val Loss: 0.10, Val acc: 0.878
Param Norm1: 36219.92, grad Norm1: 86.83, Param Norm12: 58.14, grad Norm2: 1.00
(793, 973)
Epoch: 4, Step: 2100, Train Loss: 2.09, Val Loss: 0.12, Val acc: 0.815
Param Norm1: 36682.59, grad Norm1: 78.22, Param Norm12: 59.01, grad Norm2: 1.00
(854, 973)
Epoch: 4, Step: 2200, Train Loss: 2.14, Val Loss: 0.11, Val acc: 0.878
Param Norm1: 37070.59, grad Norm1: 99.81, Param Norm12: 59.66, grad Norm2: 1.00
(793, 973)
Epoch: 4, Step: 2300, Train Loss: 2.22, Val Loss: 0.13, Val acc: 0.815
Param Norm1: 37520.94, grad Norm1: 75.98, Param Norm12: 60.47, grad Norm2: 1.00
(732, 973)
Epoch: 4, Step: 2400, Train Loss: 2.27, Val Loss: 0.10, Val acc: 0.752
Param Norm1: 37992.47, grad Norm1: 83.56, Param Norm12: 61.39, grad Norm2: 1.00
Evaluating on training set
Processed 0 batches
(Variable containing:
 0.1869  0.6618  0.0226  0.0709  0.0062  0.0045  0.0141  0.0064  0.0207  0.0060
 0.1792  0.6745  0.0214  0.0699  0.0059  0.0043  0.0133  0.0061  0.0196  0.0058
 0.1984  0.6178  0.0233  0.0953  0.0072  0.0053  0.0157  0.0063  0.0236  0.0070
 0.1867  0.6664  0.0229  0.0665  0.0062  0.0045  0.0140  0.0066  0.0203  0.0060
 0.1396  0.0445  0.1735  0.0484  0.0230  0.0152  0.1990  0.0316  0.3052  0.0200
 0.3829  0.3937  0.0535  0.0653  0.0099  0.0083  0.0274  0.0140  0.0363  0.0088
 0.1146  0.0419  0.3489  0.0163  0.0225  0.0143  0.1686  0.0744  0.1789  0.0197
 0.1772  0.6795  0.0213  0.0679  0.0058  0.0042  0.0131  0.0060  0.0193  0.0057
 0.4807  0.1786  0.0677  0.0899  0.0195  0.0145  0.0480  0.0195  0.0647  0.0169
 0.1938  0.6236  0.0227  0.0967  0.0069  0.0051  0.0152  0.0060  0.0232  0.0068
 0.1123  0.0454  0.1519  0.0576  0.0234  0.0153  0.2049  0.0268  0.3414  0.0209
 0.2892  0.0673  0.1410  0.0630  0.0269  0.0188  0.1386  0.0378  0.1950  0.0226
 0.2810  0.5386  0.0318  0.0756  0.0074  0.0056  0.0186  0.0083  0.0261  0.0070
 0.0352  0.0237  0.0147  0.0159  0.2084  0.3520  0.0186  0.0568  0.0243  0.2503
 0.0558  0.0174  0.7992  0.0042  0.0039  0.0022  0.0385  0.0330  0.0426  0.0032
 0.1561  0.0581  0.3150  0.0194  0.0254  0.0162  0.1285  0.1064  0.1528  0.0220
[torch.cuda.FloatTensor of size 16x10 (GPU 1)]
, 
 1
 1
 1
 1
 8
 1
 2
 1
 0
 1
 8
 0
 1
 5
 2
 2
[torch.cuda.LongTensor of size 16 (GPU 1)]
, Variable containing:
 1
 1
 0
 1
 6
 1
 2
 1
 0
 1
 6
 2
 1
 9
 2
 2
[torch.cuda.LongTensor of size 16 (GPU 1)]
)
Processed 100 batches
Processed 200 batches
Processed 300 batches
Processed 400 batches
5613/7792 correct, 0.720%, avg loss: 2.04211872241
Evaluating on validation set
Processed 0 batches
(Variable containing:
 0.0394  0.0121  0.8111  0.0031  0.0047  0.0026  0.0437  0.0369  0.0422  0.0042
 0.2351  0.5733  0.0298  0.0817  0.0087  0.0064  0.0197  0.0090  0.0279  0.0083
 0.0653  0.0864  0.0219  0.7307  0.0128  0.0108  0.0166  0.0020  0.0399  0.0137
 0.2265  0.5859  0.0282  0.0833  0.0083  0.0061  0.0187  0.0083  0.0268  0.0079
 0.2076  0.0624  0.1852  0.0393  0.0301  0.0202  0.1632  0.0579  0.2083  0.0258
 0.0564  0.0181  0.7873  0.0043  0.0043  0.0025  0.0414  0.0371  0.0450  0.0036
 0.3467  0.4955  0.0386  0.0453  0.0051  0.0025  0.0188  0.0083  0.0351  0.0042
 0.1715  0.6710  0.0200  0.0836  0.0058  0.0043  0.0129  0.0054  0.0197  0.0057
 0.2635  0.3982  0.0307  0.1996  0.0124  0.0092  0.0264  0.0071  0.0409  0.0119
 0.1852  0.6639  0.0226  0.0701  0.0063  0.0045  0.0141  0.0066  0.0207  0.0061
 0.4139  0.3039  0.0612  0.0742  0.0149  0.0113  0.0362  0.0207  0.0505  0.0130
 0.4177  0.1991  0.0547  0.1488  0.0198  0.0143  0.0466  0.0137  0.0678  0.0176
 0.2592  0.0912  0.0663  0.2769  0.0280  0.0210  0.0733  0.0136  0.1449  0.0256
 0.0398  0.0221  0.0448  0.0024  0.0148  0.0097  0.0194  0.8081  0.0257  0.0132
 0.0697  0.0242  0.7153  0.0057  0.0064  0.0037  0.0574  0.0500  0.0622  0.0054
 0.1861  0.6588  0.0226  0.0734  0.0064  0.0047  0.0143  0.0066  0.0210  0.0062
[torch.cuda.FloatTensor of size 16x10 (GPU 1)]
, 
 2
 1
 3
 1
 8
 2
 1
 1
 1
 1
 0
 0
 3
 7
 2
 1
[torch.cuda.LongTensor of size 16 (GPU 1)]
, Variable containing:
 2
 1
 3
 0
 2
 2
 1
 1
 0
 1
 0
 0
 0
 7
 2
 0
[torch.cuda.LongTensor of size 16 (GPU 1)]
)
624/960 correct, 0.650%, avg loss: 2.36595376531
(793, 973)
Epoch: 5, Step: 2500, Train Loss: 2.22, Val Loss: 0.12, Val acc: 0.815
Param Norm1: 38375.91, grad Norm1: 75.04, Param Norm12: 62.05, grad Norm2: 1.00
(793, 973)
Epoch: 5, Step: 2600, Train Loss: 2.05, Val Loss: 0.08, Val acc: 0.815
Param Norm1: 38711.59, grad Norm1: 87.18, Param Norm12: 62.65, grad Norm2: 1.00
(854, 973)
Epoch: 5, Step: 2700, Train Loss: 2.06, Val Loss: 0.09, Val acc: 0.878
Param Norm1: 39180.26, grad Norm1: 76.58, Param Norm12: 63.46, grad Norm2: 1.00
(793, 973)
Epoch: 5, Step: 2800, Train Loss: 2.16, Val Loss: 0.12, Val acc: 0.815
Param Norm1: 39431.23, grad Norm1: 74.51, Param Norm12: 63.90, grad Norm2: 1.00
(854, 973)
Epoch: 5, Step: 2900, Train Loss: 2.05, Val Loss: 0.07, Val acc: 0.878
Param Norm1: 39785.42, grad Norm1: 80.08, Param Norm12: 64.52, grad Norm2: 1.00
Evaluating on training set
Processed 0 batches
(Variable containing:
 0.0537  0.0616  0.0141  0.7864  0.0115  0.0097  0.0091  0.0017  0.0322  0.0200
 0.5523  0.0674  0.0735  0.0610  0.0258  0.0159  0.0592  0.0230  0.0967  0.0253
 0.5094  0.2546  0.0627  0.0389  0.0138  0.0095  0.0267  0.0255  0.0457  0.0132
 0.5693  0.0730  0.0652  0.0691  0.0240  0.0151  0.0528  0.0193  0.0886  0.0238
 0.1271  0.0588  0.2575  0.0145  0.0522  0.0229  0.1054  0.1663  0.1496  0.0458
 0.2707  0.5662  0.0320  0.0564  0.0079  0.0057  0.0161  0.0087  0.0273  0.0090
 0.0911  0.0434  0.2921  0.0134  0.0422  0.0192  0.1758  0.0956  0.1880  0.0393
 0.5728  0.1706  0.0723  0.0426  0.0141  0.0100  0.0300  0.0241  0.0495  0.0140
 0.2084  0.6649  0.0265  0.0436  0.0058  0.0044  0.0122  0.0070  0.0203  0.0069
 0.0877  0.0416  0.2728  0.0139  0.0412  0.0192  0.2003  0.0853  0.1988  0.0390
 0.4541  0.2953  0.0479  0.0689  0.0145  0.0098  0.0297  0.0143  0.0501  0.0153
 0.2067  0.6676  0.0248  0.0473  0.0055  0.0042  0.0114  0.0063  0.0197  0.0066
 0.2178  0.6506  0.0267  0.0470  0.0060  0.0045  0.0123  0.0070  0.0210  0.0071
 0.0352  0.0245  0.0205  0.0082  0.2387  0.0932  0.0248  0.2281  0.0358  0.2910
 0.0917  0.0487  0.4280  0.0105  0.0313  0.0131  0.0911  0.1345  0.1244  0.0267
 0.0325  0.0254  0.0171  0.0080  0.2088  0.0869  0.0218  0.3206  0.0325  0.2465
[torch.cuda.FloatTensor of size 16x10 (GPU 1)]
, 
 3
 0
 0
 0
 2
 1
 2
 0
 1
 2
 0
 1
 1
 9
 2
 7
[torch.cuda.LongTensor of size 16 (GPU 1)]
, Variable containing:
 3
 0
 0
 0
 2
 1
 8
 0
 1
 8
 0
 1
 1
 9
 7
 4
[torch.cuda.LongTensor of size 16 (GPU 1)]
)
Processed 100 batches
Processed 200 batches
Processed 300 batches
Processed 400 batches
5799/7792 correct, 0.744%, avg loss: 1.95246988058
Evaluating on validation set
Processed 0 batches
(Variable containing:
 0.0779  0.0370  0.1862  0.0314  0.0318  0.0164  0.2124  0.0364  0.3378  0.0327
 0.0079  0.0064  0.0091  0.0005  0.0092  0.0029  0.0042  0.9454  0.0062  0.0082
 0.0531  0.0593  0.0163  0.7876  0.0108  0.0091  0.0096  0.0017  0.0331  0.0193
 0.1010  0.0437  0.1800  0.0268  0.0392  0.0204  0.2091  0.0515  0.2901  0.0382
 0.0083  0.0066  0.0135  0.0005  0.0077  0.0024  0.0046  0.9433  0.0064  0.0068
 0.0303  0.0160  0.8713  0.0036  0.0038  0.0016  0.0221  0.0220  0.0258  0.0036
 0.0205  0.0108  0.8940  0.0023  0.0035  0.0014  0.0203  0.0221  0.0216  0.0035
 0.2168  0.6428  0.0282  0.0495  0.0065  0.0048  0.0133  0.0079  0.0227  0.0076
 0.0529  0.0668  0.0151  0.7915  0.0095  0.0083  0.0085  0.0015  0.0286  0.0173
 0.0798  0.0439  0.4082  0.0126  0.0436  0.0172  0.1038  0.1243  0.1239  0.0428
 0.0108  0.0085  0.0127  0.0007  0.0121  0.0032  0.0054  0.9264  0.0089  0.0112
 0.0733  0.0471  0.3670  0.0079  0.0353  0.0134  0.0649  0.2716  0.0880  0.0317
 0.1076  0.0547  0.2996  0.0136  0.0490  0.0212  0.1081  0.1608  0.1412  0.0442
 0.0077  0.0063  0.0105  0.0005  0.0079  0.0025  0.0040  0.9478  0.0058  0.0070
 0.1512  0.7518  0.0202  0.0354  0.0040  0.0030  0.0090  0.0053  0.0151  0.0049
 0.0080  0.0064  0.0108  0.0005  0.0089  0.0028  0.0045  0.9435  0.0064  0.0081
[torch.cuda.FloatTensor of size 16x10 (GPU 1)]
, 
 8
 7
 3
 8
 7
 2
 2
 1
 3
 2
 7
 2
 2
 7
 1
 7
[torch.cuda.LongTensor of size 16 (GPU 1)]
, Variable containing:
 8
 7
 3
 2
 7
 2
 8
 1
 3
 8
 7
 8
 2
 7
 1
 7
[torch.cuda.LongTensor of size 16 (GPU 1)]
)
657/960 correct, 0.684%, avg loss: 2.46699580948
(671, 973)
Epoch: 6, Step: 3000, Train Loss: 1.95, Val Loss: 0.15, Val acc: 0.690
Param Norm1: 40164.84, grad Norm1: 78.14, Param Norm12: 65.23, grad Norm2: 1.00
(854, 973)
Epoch: 6, Step: 3100, Train Loss: 2.01, Val Loss: 0.10, Val acc: 0.878
Param Norm1: 40500.69, grad Norm1: 55.24, Param Norm12: 65.83, grad Norm2: 1.00
(793, 973)
Epoch: 6, Step: 3200, Train Loss: 1.98, Val Loss: 0.11, Val acc: 0.815
Param Norm1: 40908.72, grad Norm1: 78.25, Param Norm12: 66.56, grad Norm2: 1.00
(793, 973)
Epoch: 6, Step: 3300, Train Loss: 2.04, Val Loss: 0.11, Val acc: 0.815
Param Norm1: 41327.98, grad Norm1: 75.84, Param Norm12: 67.36, grad Norm2: 1.00
(793, 973)
Epoch: 6, Step: 3400, Train Loss: 1.98, Val Loss: 0.11, Val acc: 0.815
Param Norm1: 41699.08, grad Norm1: 63.49, Param Norm12: 68.00, grad Norm2: 1.00
Evaluating on training set
Processed 0 batches
(Variable containing:
 0.4643  0.2493  0.0884  0.0640  0.0110  0.0095  0.0288  0.0301  0.0424  0.0122
 0.1960  0.4956  0.0303  0.1744  0.0086  0.0090  0.0334  0.0058  0.0375  0.0095
 0.0270  0.0136  0.8391  0.0035  0.0060  0.0030  0.0337  0.0203  0.0494  0.0046
 0.3116  0.4430  0.0393  0.1135  0.0099  0.0082  0.0215  0.0101  0.0339  0.0090
 0.1393  0.7362  0.0218  0.0630  0.0036  0.0030  0.0097  0.0045  0.0155  0.0034
 0.0091  0.0090  0.0109  0.0007  0.0084  0.0048  0.0059  0.9343  0.0091  0.0077
 0.1024  0.0608  0.2828  0.0127  0.0474  0.0232  0.1157  0.1570  0.1630  0.0348
 0.0661  0.0335  0.1674  0.0263  0.0230  0.0155  0.1963  0.0294  0.4197  0.0227
 0.1595  0.7095  0.0282  0.0532  0.0049  0.0040  0.0125  0.0065  0.0174  0.0043
 0.2069  0.6400  0.0359  0.0557  0.0056  0.0047  0.0153  0.0094  0.0216  0.0049
 0.4697  0.2000  0.0488  0.1320  0.0180  0.0130  0.0369  0.0129  0.0527  0.0160
 0.0683  0.0378  0.1403  0.0325  0.0256  0.0175  0.1656  0.0284  0.4589  0.0252
 0.2634  0.5337  0.0413  0.0807  0.0082  0.0064  0.0203  0.0097  0.0289  0.0074
 0.0270  0.0211  0.0194  0.0150  0.2049  0.2753  0.0245  0.0614  0.0312  0.3202
 0.0360  0.0221  0.7417  0.0045  0.0104  0.0051  0.0487  0.0561  0.0676  0.0077
 0.0598  0.0322  0.4373  0.0082  0.0241  0.0132  0.1721  0.0714  0.1619  0.0199
[torch.cuda.FloatTensor of size 16x10 (GPU 1)]
, 
 0
 1
 2
 1
 1
 7
 2
 8
 1
 1
 0
 8
 1
 9
 2
 2
[torch.cuda.LongTensor of size 16 (GPU 1)]
, Variable containing:
 0
 1
 2
 0
 1
 7
 8
 8
 0
 1
 0
 8
 0
 9
 2
 2
[torch.cuda.LongTensor of size 16 (GPU 1)]
)
Processed 100 batches
Processed 200 batches
Processed 300 batches
Processed 400 batches
5939/7792 correct, 0.762%, avg loss: 1.83837813886
Evaluating on validation set
Processed 0 batches
(Variable containing:
 0.4374  0.2128  0.1050  0.0523  0.0175  0.0139  0.0441  0.0387  0.0640  0.0144
 0.0472  0.0261  0.5829  0.0068  0.0196  0.0102  0.1118  0.0587  0.1206  0.0161
 0.0225  0.0180  0.0139  0.0149  0.1611  0.3125  0.0216  0.0439  0.0289  0.3626
 0.0139  0.0070  0.9270  0.0016  0.0019  0.0010  0.0149  0.0111  0.0201  0.0015
 0.0569  0.0751  0.0195  0.7364  0.0130  0.0147  0.0149  0.0035  0.0467  0.0194
 0.0562  0.1133  0.0159  0.7508  0.0072  0.0089  0.0089  0.0019  0.0259  0.0110
 0.1490  0.7247  0.0250  0.0556  0.0044  0.0037  0.0114  0.0057  0.0166  0.0040
 0.2748  0.5496  0.0425  0.0658  0.0061  0.0062  0.0177  0.0095  0.0223  0.0055
 0.1761  0.6622  0.0262  0.0814  0.0053  0.0046  0.0130  0.0059  0.0204  0.0050
 0.1375  0.7455  0.0234  0.0518  0.0040  0.0033  0.0104  0.0052  0.0152  0.0036
 0.1479  0.7157  0.0222  0.0714  0.0040  0.0033  0.0103  0.0047  0.0168  0.0038
 0.0491  0.0969  0.0154  0.7738  0.0074  0.0090  0.0086  0.0018  0.0262  0.0116
 0.0756  0.0408  0.3932  0.0097  0.0309  0.0158  0.1522  0.0860  0.1718  0.0240
 0.0310  0.0243  0.0147  0.0175  0.2018  0.3446  0.0211  0.0372  0.0289  0.2790
 0.0351  0.0298  0.0207  0.0158  0.1932  0.1716  0.0261  0.1979  0.0414  0.2686
 0.1961  0.5910  0.0271  0.1223  0.0063  0.0054  0.0146  0.0059  0.0252  0.0061
[torch.cuda.FloatTensor of size 16x10 (GPU 1)]
, 
 0
 2
 9
 2
 3
 3
 1
 1
 1
 1
 1
 3
 2
 5
 9
 1
[torch.cuda.LongTensor of size 16 (GPU 1)]
, Variable containing:
 1
 2
 4
 2
 3
 3
 0
 1
 1
 0
 1
 3
 8
 4
 9
 1
[torch.cuda.LongTensor of size 16 (GPU 1)]
)
657/960 correct, 0.684%, avg loss: 2.5484684974
(732, 973)
Epoch: 7, Step: 3500, Train Loss: 1.98, Val Loss: 0.12, Val acc: 0.752
Param Norm1: 42049.41, grad Norm1: 87.86, Param Norm12: 68.68, grad Norm2: 1.00
(793, 973)
Epoch: 7, Step: 3600, Train Loss: 1.87, Val Loss: 0.12, Val acc: 0.815
Param Norm1: 42418.07, grad Norm1: 69.70, Param Norm12: 69.37, grad Norm2: 1.00
(915, 973)
Epoch: 7, Step: 3700, Train Loss: 1.96, Val Loss: 0.06, Val acc: 0.940
Param Norm1: 42710.75, grad Norm1: 89.17, Param Norm12: 69.89, grad Norm2: 1.00
(732, 973)
Epoch: 7, Step: 3800, Train Loss: 1.85, Val Loss: 0.10, Val acc: 0.752
Param Norm1: 42922.74, grad Norm1: 86.47, Param Norm12: 70.31, grad Norm2: 1.00
Evaluating on training set
Processed 0 batches
(Variable containing:
 0.6833  0.0969  0.0409  0.0540  0.0129  0.0072  0.0304  0.0107  0.0513  0.0123
 0.0417  0.0147  0.8124  0.0038  0.0052  0.0020  0.0376  0.0302  0.0475  0.0049
 0.0405  0.0171  0.7231  0.0046  0.0100  0.0041  0.0741  0.0548  0.0625  0.0095
 0.6717  0.1380  0.0474  0.0297  0.0098  0.0062  0.0242  0.0185  0.0456  0.0089
 0.0669  0.0298  0.1162  0.0695  0.0172  0.0122  0.0849  0.0174  0.5645  0.0215
 0.0402  0.0224  0.0183  0.0169  0.3086  0.1696  0.0268  0.0249  0.0327  0.3396
 0.4413  0.0621  0.0804  0.0616  0.0186  0.0112  0.0672  0.0218  0.2184  0.0174
 0.4828  0.0475  0.1504  0.0250  0.0189  0.0101  0.0704  0.0491  0.1271  0.0187
 0.0668  0.0186  0.2263  0.0079  0.0235  0.0130  0.4350  0.0522  0.1329  0.0239
 0.1501  0.7611  0.0225  0.0296  0.0031  0.0027  0.0100  0.0059  0.0113  0.0038
 0.0440  0.0605  0.0168  0.8194  0.0074  0.0072  0.0088  0.0021  0.0233  0.0105
 0.0481  0.0189  0.6868  0.0051  0.0110  0.0046  0.0811  0.0631  0.0705  0.0108
 0.0437  0.0276  0.0134  0.0244  0.2962  0.2276  0.0224  0.0183  0.0325  0.2938
 0.1723  0.7254  0.0215  0.0391  0.0033  0.0030  0.0113  0.0059  0.0140  0.0042
 0.0809  0.0226  0.1630  0.0218  0.0280  0.0161  0.2644  0.0357  0.3357  0.0318
 0.1697  0.7307  0.0216  0.0369  0.0033  0.0030  0.0112  0.0059  0.0136  0.0041
[torch.cuda.FloatTensor of size 16x10 (GPU 1)]
, 
 0
 2
 2
 0
 8
 9
 0
 0
 6
 1
 3
 2
 4
 1
 8
 1
[torch.cuda.LongTensor of size 16 (GPU 1)]
, Variable containing:
 0
 2
 2
 0
 8
 9
 0
 6
 6
 1
 1
 2
 5
 1
 8
 1
[torch.cuda.LongTensor of size 16 (GPU 1)]
)
Processed 100 batches
Processed 200 batches
Processed 300 batches
Processed 400 batches
6155/7792 correct, 0.790%, avg loss: 1.72711473501
Evaluating on validation set
Processed 0 batches
(Variable containing:
 0.0355  0.0555  0.0138  0.8394  0.0073  0.0078  0.0085  0.0018  0.0196  0.0109
 0.1853  0.7039  0.0237  0.0405  0.0038  0.0034  0.0126  0.0067  0.0155  0.0046
 0.0183  0.0057  0.9013  0.0019  0.0026  0.0011  0.0269  0.0180  0.0215  0.0027
 0.0189  0.0067  0.8991  0.0018  0.0027  0.0011  0.0248  0.0213  0.0208  0.0027
 0.1838  0.7084  0.0245  0.0372  0.0038  0.0034  0.0126  0.0068  0.0150  0.0046
 0.0373  0.0198  0.0163  0.0182  0.3018  0.2203  0.0241  0.0186  0.0282  0.3154
 0.0160  0.0118  0.0116  0.0012  0.0152  0.0054  0.0121  0.9012  0.0135  0.0119
 0.0569  0.0626  0.0219  0.7664  0.0092  0.0090  0.0159  0.0033  0.0428  0.0119
 0.3059  0.5339  0.0418  0.0440  0.0064  0.0052  0.0201  0.0118  0.0235  0.0073
 0.1052  0.0370  0.3063  0.0105  0.0273  0.0136  0.2277  0.0872  0.1600  0.0253
 0.1844  0.7087  0.0218  0.0376  0.0045  0.0040  0.0118  0.0075  0.0141  0.0055
 0.1492  0.7606  0.0198  0.0339  0.0029  0.0025  0.0099  0.0053  0.0122  0.0036
 0.1694  0.7317  0.0225  0.0351  0.0034  0.0030  0.0111  0.0062  0.0133  0.0041
 0.1825  0.7098  0.0213  0.0448  0.0033  0.0029  0.0112  0.0056  0.0145  0.0041
 0.0824  0.0356  0.4966  0.0083  0.0199  0.0086  0.1167  0.0998  0.1146  0.0176
 0.4137  0.2252  0.1042  0.0454  0.0153  0.0120  0.0737  0.0264  0.0704  0.0138
[torch.cuda.FloatTensor of size 16x10 (GPU 1)]
, 
 3
 1
 2
 2
 1
 9
 7
 3
 1
 2
 1
 1
 1
 1
 2
 0
[torch.cuda.LongTensor of size 16 (GPU 1)]
, Variable containing:
 3
 1
 2
 2
 1
 9
 7
 3
 0
 8
 1
 1
 1
 1
 2
 8
[torch.cuda.LongTensor of size 16 (GPU 1)]
)
652/960 correct, 0.679%, avg loss: 2.46605107089
(854, 973)
Epoch: 8, Step: 3900, Train Loss: 1.87, Val Loss: 0.10, Val acc: 0.878
Param Norm1: 43218.82, grad Norm1: 63.25, Param Norm12: 70.83, grad Norm2: 1.00
(793, 973)
Epoch: 8, Step: 4000, Train Loss: 1.74, Val Loss: 0.10, Val acc: 0.815
Param Norm1: 43500.86, grad Norm1: 73.76, Param Norm12: 71.35, grad Norm2: 1.00
(671, 973)
Epoch: 8, Step: 4100, Train Loss: 1.79, Val Loss: 0.15, Val acc: 0.690
Param Norm1: 43872.95, grad Norm1: 77.86, Param Norm12: 72.04, grad Norm2: 1.00
(732, 973)
Epoch: 8, Step: 4200, Train Loss: 1.83, Val Loss: 0.16, Val acc: 0.752
Param Norm1: 44224.93, grad Norm1: 76.40, Param Norm12: 72.66, grad Norm2: 1.00
(793, 973)
Epoch: 8, Step: 4300, Train Loss: 1.78, Val Loss: 0.11, Val acc: 0.815
Param Norm1: 44504.15, grad Norm1: 76.76, Param Norm12: 73.24, grad Norm2: 1.00
Evaluating on training set
Processed 0 batches
(Variable containing:
 0.0351  0.0280  0.6165  0.0071  0.0129  0.0064  0.0336  0.2091  0.0375  0.0138
 0.0309  0.0244  0.0167  0.0279  0.2902  0.2344  0.0206  0.0276  0.0257  0.3016
 0.0053  0.0051  0.0081  0.0006  0.0033  0.0016  0.0033  0.9649  0.0041  0.0037
 0.0061  0.0069  0.0061  0.0006  0.0034  0.0016  0.0027  0.9635  0.0048  0.0043
 0.0501  0.0323  0.4531  0.0107  0.0362  0.0161  0.1324  0.1238  0.1113  0.0341
 0.0535  0.0213  0.1457  0.0243  0.0219  0.0168  0.2342  0.0253  0.4370  0.0200
 0.0881  0.0416  0.2110  0.0225  0.0437  0.0249  0.1963  0.0568  0.2798  0.0354
 0.0154  0.0065  0.9211  0.0025  0.0020  0.0010  0.0204  0.0104  0.0190  0.0017
 0.0445  0.0694  0.0237  0.7640  0.0118  0.0139  0.0166  0.0038  0.0380  0.0142
 0.1132  0.7496  0.0299  0.0457  0.0053  0.0046  0.0148  0.0090  0.0220  0.0059
 0.0502  0.0251  0.2017  0.0401  0.0260  0.0480  0.2244  0.0512  0.2785  0.0547
 0.1143  0.7438  0.0298  0.0486  0.0055  0.0048  0.0151  0.0092  0.0228  0.0061
 0.0387  0.0658  0.0209  0.7768  0.0118  0.0144  0.0156  0.0038  0.0372  0.0149
 0.1220  0.7173  0.0276  0.0688  0.0055  0.0049  0.0146  0.0083  0.0247  0.0062
 0.0486  0.0624  0.0281  0.7227  0.0134  0.0145  0.0222  0.0054  0.0668  0.0159
 0.0593  0.0885  0.0068  0.5371  0.0841  0.0610  0.0122  0.0099  0.0256  0.1156
[torch.cuda.FloatTensor of size 16x10 (GPU 1)]
, 
 2
 9
 7
 7
 2
 8
 8
 2
 3
 1
 8
 1
 3
 1
 3
 3
[torch.cuda.LongTensor of size 16 (GPU 1)]
, Variable containing:
 2
 9
 7
 7
 8
 6
 8
 2
 3
 1
 6
 0
 3
 1
 3
 3
[torch.cuda.LongTensor of size 16 (GPU 1)]
)
Processed 100 batches
Processed 200 batches
Processed 300 batches
Processed 400 batches
6250/7792 correct, 0.802%, avg loss: 1.62970538238
Evaluating on validation set
Processed 0 batches
(Variable containing:
 0.7509  0.0414  0.0414  0.0387  0.0144  0.0084  0.0299  0.0096  0.0530  0.0121
 0.4122  0.1199  0.1044  0.0528  0.0336  0.0219  0.0916  0.0289  0.1082  0.0263
 0.0844  0.0554  0.0937  0.0973  0.0260  0.0214  0.0745  0.0232  0.5004  0.0238
 0.6123  0.0881  0.0694  0.0403  0.0249  0.0148  0.0475  0.0205  0.0610  0.0211
 0.0432  0.0749  0.0206  0.7474  0.0173  0.0200  0.0159  0.0047  0.0345  0.0215
 0.3225  0.4040  0.0609  0.0656  0.0159  0.0107  0.0325  0.0200  0.0532  0.0147
 0.0293  0.0186  0.7467  0.0055  0.0100  0.0046  0.0710  0.0444  0.0615  0.0085
 0.0440  0.0768  0.0204  0.7479  0.0169  0.0195  0.0157  0.0046  0.0334  0.0209
 0.1241  0.7377  0.0308  0.0461  0.0054  0.0046  0.0151  0.0087  0.0217  0.0058
 0.4242  0.0412  0.0623  0.1504  0.0379  0.0251  0.0534  0.0244  0.1480  0.0332
 0.0756  0.0368  0.1203  0.0370  0.0261  0.0177  0.1131  0.0288  0.5215  0.0231
 0.0571  0.0234  0.1524  0.0205  0.0289  0.0198  0.2446  0.0304  0.3962  0.0266
 0.0445  0.0743  0.0215  0.7385  0.0183  0.0207  0.0168  0.0051  0.0378  0.0225
 0.0536  0.0780  0.0246  0.6966  0.0218  0.0228  0.0204  0.0068  0.0497  0.0255
 0.0188  0.0093  0.8910  0.0035  0.0031  0.0015  0.0284  0.0127  0.0290  0.0027
 0.2913  0.5413  0.0366  0.0476  0.0085  0.0072  0.0140  0.0220  0.0227  0.0088
[torch.cuda.FloatTensor of size 16x10 (GPU 1)]
, 
 0
 0
 8
 0
 3
 1
 2
 3
 1
 0
 8
 8
 3
 3
 2
 1
[torch.cuda.LongTensor of size 16 (GPU 1)]
, Variable containing:
 0
 1
 2
 1
 3
 0
 8
 3
 1
 8
 8
 6
 3
 3
 2
 1
[torch.cuda.LongTensor of size 16 (GPU 1)]
)
644/960 correct, 0.671%, avg loss: 2.59615394473
(793, 973)
Epoch: 9, Step: 4400, Train Loss: 1.82, Val Loss: 0.08, Val acc: 0.815
Param Norm1: 44804.21, grad Norm1: 87.77, Param Norm12: 73.79, grad Norm2: 1.00
(793, 973)
Epoch: 9, Step: 4500, Train Loss: 1.65, Val Loss: 0.12, Val acc: 0.815
Param Norm1: 45157.87, grad Norm1: 52.51, Param Norm12: 74.42, grad Norm2: 1.00
(549, 973)
Epoch: 9, Step: 4600, Train Loss: 1.74, Val Loss: 0.14, Val acc: 0.564
Param Norm1: 45448.52, grad Norm1: 88.08, Param Norm12: 75.06, grad Norm2: 1.00
(915, 973)
Epoch: 9, Step: 4700, Train Loss: 1.72, Val Loss: 0.06, Val acc: 0.940
Param Norm1: 45745.40, grad Norm1: 96.10, Param Norm12: 75.64, grad Norm2: 1.00
(793, 973)
Epoch: 9, Step: 4800, Train Loss: 1.76, Val Loss: 0.08, Val acc: 0.815
Param Norm1: 46068.60, grad Norm1: 89.67, Param Norm12: 76.24, grad Norm2: 1.00
Evaluating on training set
Processed 0 batches
(Variable containing:
 0.2577  0.6013  0.0323  0.0437  0.0056  0.0048  0.0165  0.0126  0.0185  0.0069
 0.0879  0.8268  0.0178  0.0332  0.0029  0.0026  0.0094  0.0060  0.0096  0.0038
 0.1050  0.0422  0.1176  0.0319  0.0239  0.0187  0.1334  0.0449  0.4563  0.0261
 0.5509  0.2634  0.0340  0.0784  0.0092  0.0054  0.0167  0.0095  0.0238  0.0088
 0.0601  0.0243  0.2332  0.0082  0.0265  0.0215  0.4306  0.0488  0.1211  0.0258
 0.5414  0.0859  0.0980  0.0469  0.0247  0.0165  0.0686  0.0285  0.0666  0.0229
 0.1003  0.7934  0.0080  0.0445  0.0070  0.0064  0.0082  0.0148  0.0075  0.0100
 0.0102  0.0093  0.0065  0.0010  0.0046  0.0033  0.0041  0.9473  0.0081  0.0057
 0.0269  0.0131  0.8645  0.0035  0.0043  0.0025  0.0310  0.0172  0.0334  0.0037
 0.0815  0.8141  0.0161  0.0554  0.0027  0.0026  0.0090  0.0048  0.0101  0.0038
 0.1184  0.0435  0.3697  0.0179  0.0305  0.0188  0.1250  0.0806  0.1635  0.0321
 0.0445  0.0866  0.0146  0.7798  0.0090  0.0135  0.0152  0.0034  0.0189  0.0146
 0.8075  0.0445  0.0294  0.0374  0.0097  0.0054  0.0176  0.0089  0.0305  0.0090
 0.2538  0.5757  0.0338  0.0813  0.0055  0.0040  0.0154  0.0082  0.0161  0.0061
 0.0343  0.0207  0.0219  0.0182  0.1599  0.3453  0.0336  0.0298  0.0234  0.3130
 0.0080  0.0078  0.0073  0.0007  0.0054  0.0031  0.0044  0.9522  0.0063  0.0049
[torch.cuda.FloatTensor of size 16x10 (GPU 1)]
, 
 1
 1
 8
 0
 6
 0
 1
 7
 2
 1
 2
 3
 0
 1
 5
 7
[torch.cuda.LongTensor of size 16 (GPU 1)]
, Variable containing:
 1
 1
 6
 0
 8
 0
 1
 7
 2
 1
 6
 3
 0
 1
 9
 7
[torch.cuda.LongTensor of size 16 (GPU 1)]
)
Processed 100 batches
Processed 200 batches
Processed 300 batches
Processed 400 batches
6341/7792 correct, 0.814%, avg loss: 1.53311807517
Evaluating on validation set
Processed 0 batches
(Variable containing:
 0.1033  0.8076  0.0190  0.0354  0.0029  0.0026  0.0096  0.0060  0.0098  0.0039
 0.0250  0.0258  0.0145  0.0039  0.0627  0.0302  0.0152  0.7597  0.0149  0.0481
 0.0431  0.0776  0.0151  0.7683  0.0118  0.0189  0.0177  0.0046  0.0232  0.0196
 0.3489  0.4523  0.0433  0.0549  0.0099  0.0078  0.0238  0.0191  0.0291  0.0109
 0.0618  0.0482  0.2852  0.0101  0.0406  0.0187  0.0613  0.3630  0.0689  0.0422
 0.7855  0.0470  0.0323  0.0360  0.0115  0.0070  0.0224  0.0101  0.0372  0.0111
 0.0384  0.0244  0.0190  0.0195  0.2002  0.3232  0.0341  0.0216  0.0263  0.2933
 0.0360  0.0229  0.0248  0.0167  0.2058  0.3050  0.0353  0.0296  0.0242  0.2996
 0.0826  0.0287  0.1399  0.0241  0.0241  0.0285  0.3399  0.0325  0.2708  0.0289
 0.1330  0.7509  0.0251  0.0401  0.0046  0.0041  0.0136  0.0089  0.0139  0.0058
 0.0436  0.0208  0.7321  0.0083  0.0076  0.0048  0.0674  0.0262  0.0823  0.0070
 0.0576  0.0557  0.4111  0.0122  0.0606  0.0263  0.0679  0.1744  0.0779  0.0562
 0.0451  0.0912  0.0141  0.7777  0.0088  0.0134  0.0147  0.0033  0.0177  0.0142
 0.0329  0.0193  0.8136  0.0038  0.0085  0.0039  0.0278  0.0493  0.0341  0.0068
 0.0357  0.0212  0.0158  0.0204  0.1507  0.4198  0.0331  0.0209  0.0232  0.2593
 0.1237  0.0452  0.1655  0.0234  0.0321  0.0240  0.1966  0.0563  0.3015  0.0318
[torch.cuda.FloatTensor of size 16x10 (GPU 1)]
, 
 1
 7
 3
 1
 7
 0
 5
 5
 6
 1
 2
 2
 3
 2
 5
 8
[torch.cuda.LongTensor of size 16 (GPU 1)]
, Variable containing:
 1
 4
 3
 1
 7
 1
 5
 4
 8
 1
 8
 2
 3
 2
 5
 8
[torch.cuda.LongTensor of size 16 (GPU 1)]
)
656/960 correct, 0.683%, avg loss: 2.64120076497
(732, 973)
Epoch: 10, Step: 4900, Train Loss: 1.68, Val Loss: 0.11, Val acc: 0.752
Param Norm1: 46463.50, grad Norm1: 88.25, Param Norm12: 77.01, grad Norm2: 1.00
(915, 973)
Epoch: 10, Step: 5000, Train Loss: 1.59, Val Loss: 0.04, Val acc: 0.940
Param Norm1: 46792.84, grad Norm1: 97.04, Param Norm12: 77.61, grad Norm2: 1.00
(732, 973)
Epoch: 10, Step: 5100, Train Loss: 1.50, Val Loss: 0.16, Val acc: 0.752
Param Norm1: 47066.23, grad Norm1: 70.35, Param Norm12: 78.09, grad Norm2: 1.00
(915, 973)
Epoch: 10, Step: 5200, Train Loss: 1.62, Val Loss: 0.07, Val acc: 0.940
Param Norm1: 47306.93, grad Norm1: 80.30, Param Norm12: 78.50, grad Norm2: 1.00
(915, 973)
Epoch: 10, Step: 5300, Train Loss: 1.68, Val Loss: 0.05, Val acc: 0.940
Param Norm1: 47634.96, grad Norm1: 93.36, Param Norm12: 79.20, grad Norm2: 1.00
('LR changed to', 0.0008100000000000001)
Evaluating on training set
Processed 0 batches
(Variable containing:
 0.0526  0.0206  0.2078  0.0094  0.0156  0.0190  0.3864  0.0311  0.2398  0.0176
 0.0920  0.0618  0.2654  0.0172  0.0426  0.0247  0.1431  0.1015  0.2132  0.0386
 0.0679  0.0284  0.1508  0.0167  0.0140  0.0124  0.1632  0.0327  0.4996  0.0143
 0.1027  0.0713  0.2689  0.0175  0.0366  0.0203  0.1122  0.1343  0.2035  0.0326
 0.0569  0.0709  0.0225  0.6798  0.0232  0.0232  0.0301  0.0096  0.0613  0.0226
 0.0077  0.0077  0.0060  0.0011  0.0084  0.0044  0.0057  0.9421  0.0111  0.0059
 0.0520  0.0237  0.0647  0.0602  0.0102  0.0130  0.0993  0.0232  0.6409  0.0130
 0.1047  0.7837  0.0163  0.0488  0.0040  0.0025  0.0117  0.0058  0.0184  0.0041
 0.0453  0.0352  0.6823  0.0084  0.0106  0.0058  0.0501  0.0593  0.0944  0.0087
 0.0983  0.8193  0.0165  0.0290  0.0031  0.0018  0.0104  0.0049  0.0138  0.0030
 0.1350  0.7446  0.0218  0.0367  0.0053  0.0032  0.0153  0.0086  0.0241  0.0053
 0.1820  0.6672  0.0265  0.0439  0.0072  0.0040  0.0191  0.0106  0.0327  0.0069
 0.7943  0.0746  0.0212  0.0218  0.0112  0.0038  0.0222  0.0082  0.0347  0.0081
 0.0597  0.0689  0.0224  0.6770  0.0245  0.0211  0.0294  0.0098  0.0636  0.0234
 0.0821  0.8353  0.0133  0.0339  0.0030  0.0019  0.0106  0.0040  0.0131  0.0029
 0.0119  0.0088  0.9240  0.0020  0.0015  0.0012  0.0159  0.0073  0.0260  0.0014
[torch.cuda.FloatTensor of size 16x10 (GPU 1)]
, 
 6
 2
 8
 2
 3
 7
 8
 1
 2
 1
 1
 1
 0
 3
 1
 2
[torch.cuda.LongTensor of size 16 (GPU 1)]
, Variable containing:
 8
 2
 8
 7
 3
 7
 8
 1
 2
 1
 1
 1
 0
 3
 1
 2
[torch.cuda.LongTensor of size 16 (GPU 1)]
)
Processed 100 batches
Processed 200 batches
Processed 300 batches
Processed 400 batches
6558/7792 correct, 0.842%, avg loss: 1.40309700388
Evaluating on validation set
Processed 0 batches
(Variable containing:
 0.0102  0.0086  0.0064  0.0014  0.0099  0.0043  0.0062  0.9332  0.0133  0.0065
 0.1185  0.7759  0.0185  0.0374  0.0040  0.0022  0.0124  0.0062  0.0207  0.0042
 0.0829  0.0301  0.1904  0.0194  0.0135  0.0114  0.1621  0.0345  0.4424  0.0134
 0.0646  0.1305  0.6719  0.0295  0.0046  0.0024  0.0168  0.0230  0.0505  0.0062
 0.1417  0.7219  0.0263  0.0337  0.0063  0.0035  0.0179  0.0109  0.0315  0.0065
 0.0363  0.0223  0.0164  0.0211  0.3128  0.2214  0.0284  0.0222  0.0326  0.2866
 0.0076  0.0070  0.0064  0.0011  0.0077  0.0037  0.0055  0.9445  0.0111  0.0054
 0.1702  0.7115  0.0218  0.0369  0.0051  0.0026  0.0149  0.0074  0.0246  0.0050
 0.0115  0.0070  0.9318  0.0020  0.0013  0.0010  0.0143  0.0068  0.0231  0.0012
 0.2238  0.6425  0.0266  0.0453  0.0060  0.0027  0.0146  0.0071  0.0262  0.0051
 0.1026  0.7869  0.0195  0.0340  0.0044  0.0026  0.0140  0.0077  0.0235  0.0048
 0.0364  0.0513  0.0123  0.8218  0.0107  0.0107  0.0157  0.0038  0.0284  0.0087
 0.0209  0.0204  0.0182  0.0037  0.0324  0.0128  0.0205  0.8091  0.0347  0.0273
 0.0580  0.0645  0.0215  0.7295  0.0149  0.0140  0.0250  0.0066  0.0514  0.0145
 0.1023  0.0429  0.1687  0.0185  0.0231  0.0180  0.1584  0.0494  0.3962  0.0224
 0.7204  0.0501  0.0391  0.0260  0.0188  0.0096  0.0427  0.0125  0.0651  0.0158
[torch.cuda.FloatTensor of size 16x10 (GPU 1)]
, 
 7
 1
 8
 2
 1
 4
 7
 1
 2
 1
 1
 3
 7
 3
 8
 0
[torch.cuda.LongTensor of size 16 (GPU 1)]
, Variable containing:
 7
 1
 8
 2
 1
 4
 7
 1
 2
 1
 0
 3
 7
 3
 0
 0
[torch.cuda.LongTensor of size 16 (GPU 1)]
)
657/960 correct, 0.684%, avg loss: 2.63802971145
(854, 973)
Epoch: 11, Step: 5400, Train Loss: 1.56, Val Loss: 0.07, Val acc: 0.878
Param Norm1: 47937.39, grad Norm1: 93.57, Param Norm12: 79.88, grad Norm2: 1.00
(732, 973)
Epoch: 11, Step: 5500, Train Loss: 1.36, Val Loss: 0.10, Val acc: 0.752
Param Norm1: 48280.49, grad Norm1: 82.57, Param Norm12: 80.52, grad Norm2: 1.00
(732, 973)
Epoch: 11, Step: 5600, Train Loss: 1.48, Val Loss: 0.11, Val acc: 0.752
Param Norm1: 48540.12, grad Norm1: 99.70, Param Norm12: 81.04, grad Norm2: 1.00
(854, 973)
Epoch: 11, Step: 5700, Train Loss: 1.55, Val Loss: 0.09, Val acc: 0.878
Param Norm1: 48814.33, grad Norm1: 77.63, Param Norm12: 81.58, grad Norm2: 1.00
(793, 973)
Epoch: 11, Step: 5800, Train Loss: 1.53, Val Loss: 0.10, Val acc: 0.815
Param Norm1: 49121.08, grad Norm1: 87.72, Param Norm12: 82.12, grad Norm2: 1.00
Evaluating on training set
Processed 0 batches
(Variable containing:
 0.0055  0.0072  0.0065  0.0007  0.0039  0.0018  0.0046  0.9596  0.0068  0.0032
 0.0955  0.0735  0.1932  0.0190  0.0591  0.0309  0.0901  0.2428  0.1402  0.0557
 0.8779  0.0286  0.0215  0.0112  0.0082  0.0037  0.0126  0.0067  0.0236  0.0059
 0.0658  0.0500  0.4910  0.0121  0.0249  0.0142  0.0900  0.1091  0.1221  0.0207
 0.0251  0.0098  0.8909  0.0028  0.0018  0.0015  0.0247  0.0126  0.0284  0.0023
 0.0885  0.8373  0.0182  0.0241  0.0025  0.0014  0.0083  0.0056  0.0113  0.0028
 0.0077  0.0047  0.9625  0.0009  0.0007  0.0005  0.0076  0.0048  0.0098  0.0008
 0.0567  0.0253  0.5224  0.0119  0.0172  0.0141  0.1326  0.0342  0.1650  0.0205
 0.0309  0.0204  0.0180  0.0154  0.3781  0.1343  0.0238  0.0239  0.0262  0.3289
 0.0372  0.0140  0.1047  0.0200  0.0074  0.0108  0.1041  0.0132  0.6776  0.0109
 0.0044  0.0071  0.0106  0.0006  0.0024  0.0016  0.0045  0.9606  0.0058  0.0023
 0.0491  0.0176  0.0769  0.0210  0.0063  0.0074  0.0587  0.0135  0.7414  0.0081
 0.1414  0.7243  0.0307  0.0341  0.0058  0.0033  0.0155  0.0124  0.0261  0.0064
 0.0576  0.0185  0.1780  0.0104  0.0161  0.0246  0.4109  0.0252  0.2371  0.0216
 0.1215  0.7794  0.0256  0.0265  0.0037  0.0020  0.0114  0.0086  0.0170  0.0042
 0.0262  0.0182  0.0185  0.0147  0.3832  0.1314  0.0233  0.0286  0.0221  0.3338
[torch.cuda.FloatTensor of size 16x10 (GPU 1)]
, 
 7
 7
 0
 2
 2
 1
 2
 2
 4
 8
 7
 8
 1
 6
 1
 4
[torch.cuda.LongTensor of size 16 (GPU 1)]
, Variable containing:
 7
 7
 0
 2
 2
 0
 2
 8
 4
 8
 7
 8
 1
 6
 1
 4
[torch.cuda.LongTensor of size 16 (GPU 1)]
)
Processed 100 batches
Processed 200 batches
Processed 300 batches
Processed 400 batches
6686/7792 correct, 0.858%, avg loss: 1.26958681836
Evaluating on validation set
Processed 0 batches
(Variable containing:
 0.0977  0.0691  0.2943  0.0184  0.0398  0.0235  0.1114  0.1336  0.1773  0.0350
 0.0524  0.0184  0.2241  0.0071  0.0177  0.0225  0.4564  0.0294  0.1523  0.0199
 0.1247  0.7634  0.0294  0.0240  0.0039  0.0024  0.0133  0.0124  0.0221  0.0044
 0.0225  0.0166  0.0136  0.0170  0.1677  0.1806  0.0236  0.0217  0.0292  0.5076
 0.0399  0.9126  0.0106  0.0177  0.0014  0.0009  0.0050  0.0035  0.0068  0.0017
 0.0576  0.0872  0.0189  0.7408  0.0100  0.0113  0.0181  0.0050  0.0373  0.0138
 0.0239  0.0182  0.0135  0.0197  0.2049  0.2205  0.0301  0.0190  0.0283  0.4218
 0.0404  0.0270  0.0644  0.0490  0.0067  0.0095  0.0443  0.0113  0.7375  0.0098
 0.0733  0.0896  0.0183  0.7099  0.0109  0.0129  0.0213  0.0059  0.0444  0.0134
 0.7587  0.1168  0.0317  0.0184  0.0098  0.0037  0.0148  0.0079  0.0313  0.0068
 0.2292  0.5865  0.0444  0.0359  0.0091  0.0050  0.0219  0.0183  0.0406  0.0089
 0.0563  0.0713  0.0216  0.7321  0.0119  0.0141  0.0209  0.0062  0.0483  0.0171
 0.0103  0.0068  0.9479  0.0013  0.0010  0.0007  0.0098  0.0070  0.0142  0.0011
 0.0457  0.0172  0.2093  0.0173  0.0099  0.0152  0.1884  0.0183  0.4617  0.0170
 0.1965  0.6817  0.0309  0.0306  0.0051  0.0025  0.0141  0.0105  0.0228  0.0051
 0.0076  0.0049  0.9624  0.0009  0.0007  0.0005  0.0076  0.0048  0.0098  0.0008
[torch.cuda.FloatTensor of size 16x10 (GPU 1)]
, 
 2
 6
 1
 9
 1
 3
 9
 8
 3
 0
 1
 3
 2
 8
 1
 2
[torch.cuda.LongTensor of size 16 (GPU 1)]
, Variable containing:
 2
 6
 1
 9
 1
 3
 4
 3
 3
 1
 1
 3
 2
 0
 0
 2
[torch.cuda.LongTensor of size 16 (GPU 1)]
)
666/960 correct, 0.694%, avg loss: 2.91953857541
(976, 973)
Epoch: 12, Step: 5900, Train Loss: 1.39, Val Loss: 0.02, Val acc: 1.003
Param Norm1: 49415.94, grad Norm1: 70.24, Param Norm12: 82.66, grad Norm2: 1.00
(976, 973)
Epoch: 12, Step: 6000, Train Loss: 1.22, Val Loss: 0.04, Val acc: 1.003
Param Norm1: 49724.53, grad Norm1: 91.77, Param Norm12: 83.18, grad Norm2: 1.00
(915, 973)
Epoch: 12, Step: 6100, Train Loss: 1.44, Val Loss: 0.04, Val acc: 0.940
Param Norm1: 50021.88, grad Norm1: 105.03, Param Norm12: 83.72, grad Norm2: 1.00
(854, 973)
Epoch: 12, Step: 6200, Train Loss: 1.44, Val Loss: 0.07, Val acc: 0.878
Param Norm1: 50203.83, grad Norm1: 99.44, Param Norm12: 84.08, grad Norm2: 1.00
(915, 973)
Epoch: 12, Step: 6300, Train Loss: 1.56, Val Loss: 0.04, Val acc: 0.940
Param Norm1: 50502.47, grad Norm1: 98.76, Param Norm12: 84.61, grad Norm2: 1.00
Evaluating on training set
Processed 0 batches
(Variable containing:
 0.4947  0.0685  0.1252  0.0333  0.0177  0.0105  0.0693  0.0273  0.1409  0.0124
 0.0511  0.1029  0.0143  0.7485  0.0085  0.0090  0.0156  0.0074  0.0314  0.0115
 0.0553  0.0262  0.2891  0.0083  0.0169  0.0193  0.3566  0.0456  0.1621  0.0207
 0.0574  0.8682  0.0167  0.0255  0.0029  0.0016  0.0077  0.0065  0.0104  0.0032
 0.1168  0.1561  0.0110  0.6227  0.0146  0.0094  0.0141  0.0143  0.0257  0.0154
 0.2092  0.6469  0.0255  0.0665  0.0029  0.0020  0.0257  0.0067  0.0107  0.0038
 0.2488  0.6100  0.0307  0.0365  0.0077  0.0034  0.0105  0.0215  0.0227  0.0081
 0.0484  0.8794  0.0126  0.0337  0.0023  0.0014  0.0060  0.0049  0.0085  0.0026
 0.0931  0.2175  0.0144  0.6155  0.0067  0.0053  0.0138  0.0056  0.0215  0.0067
 0.0530  0.8807  0.0123  0.0310  0.0021  0.0012  0.0057  0.0044  0.0077  0.0020
 0.0910  0.8080  0.0213  0.0354  0.0040  0.0021  0.0100  0.0085  0.0154  0.0042
 0.0063  0.0045  0.9615  0.0010  0.0009  0.0006  0.0076  0.0072  0.0096  0.0009
 0.0366  0.9178  0.0092  0.0212  0.0013  0.0007  0.0040  0.0031  0.0049  0.0013
 0.0315  0.9157  0.0094  0.0251  0.0015  0.0010  0.0045  0.0036  0.0058  0.0018
 0.0045  0.0077  0.0065  0.0010  0.0036  0.0020  0.0045  0.9589  0.0073  0.0039
 0.0279  0.0213  0.0151  0.0250  0.1840  0.2036  0.0265  0.0200  0.0351  0.4416
[torch.cuda.FloatTensor of size 16x10 (GPU 1)]
, 
 0
 3
 6
 1
 3
 1
 1
 1
 3
 1
 1
 2
 1
 1
 7
 9
[torch.cuda.LongTensor of size 16 (GPU 1)]
, Variable containing:
 0
 3
 6
 1
 3
 1
 1
 1
 3
 1
 1
 2
 1
 1
 7
 9
[torch.cuda.LongTensor of size 16 (GPU 1)]
)
Processed 100 batches
Processed 200 batches
Processed 300 batches
Processed 400 batches
6687/7792 correct, 0.858%, avg loss: 1.23168361181
Evaluating on validation set
Processed 0 batches
(Variable containing:
 0.0049  0.0076  0.0058  0.0012  0.0044  0.0023  0.0049  0.9555  0.0081  0.0053
 0.2130  0.5968  0.0274  0.0980  0.0081  0.0030  0.0123  0.0102  0.0243  0.0069
 0.0465  0.0247  0.0381  0.0533  0.1561  0.0988  0.0581  0.0719  0.1462  0.3064
 0.0248  0.0189  0.0177  0.0228  0.2992  0.2252  0.0225  0.0187  0.0279  0.3223
 0.0162  0.0102  0.9018  0.0026  0.0024  0.0015  0.0190  0.0150  0.0291  0.0022
 0.0288  0.0235  0.0177  0.0279  0.2529  0.0959  0.0195  0.0411  0.0345  0.4581
 0.0457  0.0953  0.0135  0.7773  0.0070  0.0077  0.0131  0.0054  0.0249  0.0100
 0.0701  0.0335  0.1284  0.0198  0.0084  0.0084  0.0723  0.0326  0.6140  0.0125
 0.0420  0.8947  0.0104  0.0336  0.0017  0.0010  0.0047  0.0036  0.0066  0.0017
 0.0039  0.0067  0.0062  0.0009  0.0033  0.0019  0.0043  0.9622  0.0066  0.0040
 0.3239  0.4377  0.0576  0.0472  0.0146  0.0083  0.0251  0.0247  0.0482  0.0128
 0.0148  0.0184  0.0304  0.0110  0.2088  0.0879  0.0302  0.2334  0.0197  0.3453
 0.0992  0.0673  0.2849  0.0218  0.0337  0.0215  0.1056  0.1176  0.2146  0.0339
 0.0055  0.0078  0.0044  0.0014  0.0053  0.0027  0.0042  0.9480  0.0103  0.0105
 0.0368  0.9084  0.0113  0.0214  0.0018  0.0011  0.0054  0.0045  0.0070  0.0022
 0.0051  0.0082  0.0069  0.0011  0.0042  0.0021  0.0050  0.9543  0.0084  0.0046
[torch.cuda.FloatTensor of size 16x10 (GPU 1)]
, 
 7
 1
 9
 9
 2
 9
 3
 8
 1
 7
 1
 9
 2
 7
 1
 7
[torch.cuda.LongTensor of size 16 (GPU 1)]
, Variable containing:
 7
 1
 9
 4
 6
 9
 3
 6
 1
 7
 1
 7
 8
 7
 1
 7
[torch.cuda.LongTensor of size 16 (GPU 1)]
)
672/960 correct, 0.700%, avg loss: 3.15261864463
(915, 973)
Epoch: 13, Step: 6400, Train Loss: 1.32, Val Loss: 0.05, Val acc: 0.940
Param Norm1: 50752.24, grad Norm1: 90.47, Param Norm12: 85.06, grad Norm2: 1.00
(793, 973)
Epoch: 13, Step: 6500, Train Loss: 1.27, Val Loss: 0.07, Val acc: 0.815
Param Norm1: 50996.18, grad Norm1: 82.28, Param Norm12: 85.54, grad Norm2: 1.00
(854, 973)
Epoch: 13, Step: 6600, Train Loss: 1.26, Val Loss: 0.07, Val acc: 0.878
Param Norm1: 51239.58, grad Norm1: 75.80, Param Norm12: 85.96, grad Norm2: 1.00
(793, 973)
Epoch: 13, Step: 6700, Train Loss: 1.35, Val Loss: 0.08, Val acc: 0.815
Param Norm1: 51469.61, grad Norm1: 94.30, Param Norm12: 86.42, grad Norm2: 1.00
(976, 973)
Epoch: 13, Step: 6800, Train Loss: 1.36, Val Loss: 0.02, Val acc: 1.003
Param Norm1: 51632.26, grad Norm1: 104.24, Param Norm12: 86.79, grad Norm2: 1.00
Evaluating on training set
Processed 0 batches
(Variable containing:
 0.0892  0.0593  0.3155  0.0194  0.0277  0.0172  0.1303  0.1439  0.1756  0.0219
 0.1166  0.0703  0.2041  0.0279  0.0391  0.0244  0.1094  0.1833  0.1889  0.0360
 0.1361  0.0403  0.1441  0.0191  0.0131  0.0082  0.0660  0.0617  0.4947  0.0168
 0.0105  0.0054  0.9354  0.0024  0.0011  0.0008  0.0138  0.0068  0.0227  0.0010
 0.1052  0.7600  0.0134  0.0495  0.0073  0.0047  0.0148  0.0210  0.0141  0.0100
 0.7458  0.0236  0.0637  0.0166  0.0102  0.0050  0.0516  0.0128  0.0599  0.0107
 0.0317  0.0216  0.7580  0.0079  0.0068  0.0041  0.0508  0.0404  0.0734  0.0052
 0.1043  0.8125  0.0145  0.0382  0.0028  0.0014  0.0090  0.0069  0.0077  0.0027
 0.0316  0.0210  0.0139  0.0192  0.1586  0.3402  0.0328  0.0121  0.0367  0.3339
 0.0692  0.0254  0.2198  0.0124  0.0154  0.0173  0.2872  0.0546  0.2765  0.0222
 0.0122  0.0304  0.0036  0.9137  0.0049  0.0103  0.0057  0.0020  0.0077  0.0094
 0.8775  0.0452  0.0168  0.0169  0.0059  0.0022  0.0117  0.0040  0.0147  0.0051
 0.0972  0.0640  0.2844  0.0221  0.0270  0.0175  0.1244  0.1419  0.1986  0.0228
 0.0169  0.9590  0.0039  0.0117  0.0007  0.0003  0.0025  0.0018  0.0022  0.0010
 0.0412  0.0185  0.2110  0.0069  0.0126  0.0169  0.5085  0.0439  0.1261  0.0144
 0.2327  0.6101  0.0305  0.0471  0.0074  0.0038  0.0198  0.0159  0.0252  0.0073
[torch.cuda.FloatTensor of size 16x10 (GPU 1)]
, 
 2
 2
 8
 2
 1
 0
 2
 1
 5
 6
 3
 0
 2
 1
 6
 1
[torch.cuda.LongTensor of size 16 (GPU 1)]
, Variable containing:
 2
 7
 8
 2
 1
 0
 2
 1
 4
 2
 3
 0
 6
 1
 6
 1
[torch.cuda.LongTensor of size 16 (GPU 1)]
)
Processed 100 batches
Processed 200 batches
Processed 300 batches
Processed 400 batches
6754/7792 correct, 0.867%, avg loss: 1.18011171721
Evaluating on validation set
Processed 0 batches
(Variable containing:
 0.0214  0.0184  0.0112  0.0217  0.2181  0.3132  0.0254  0.0161  0.0249  0.3297
 0.1118  0.0719  0.2229  0.0257  0.0379  0.0244  0.1193  0.1680  0.1850  0.0331
 0.0071  0.0040  0.9609  0.0013  0.0009  0.0005  0.0078  0.0066  0.0102  0.0007
 0.0569  0.1135  0.0118  0.7597  0.0055  0.0067  0.0127  0.0045  0.0197  0.0090
 0.0267  0.0206  0.0109  0.0259  0.2830  0.2099  0.0243  0.0156  0.0299  0.3532
 0.0057  0.0072  0.0041  0.0013  0.0054  0.0018  0.0067  0.9558  0.0085  0.0035
 0.0510  0.8941  0.0098  0.0228  0.0018  0.0011  0.0063  0.0047  0.0064  0.0020
 0.2238  0.5917  0.0276  0.0729  0.0083  0.0051  0.0178  0.0173  0.0269  0.0086
 0.2332  0.6193  0.0216  0.0760  0.0061  0.0025  0.0135  0.0094  0.0140  0.0044
 0.0030  0.0042  0.0036  0.0006  0.0026  0.0011  0.0042  0.9739  0.0047  0.0021
 0.2257  0.6195  0.0196  0.0792  0.0067  0.0032  0.0154  0.0098  0.0155  0.0054
 0.0873  0.8122  0.0151  0.0440  0.0038  0.0023  0.0111  0.0078  0.0118  0.0045
 0.0699  0.8035  0.0123  0.0800  0.0030  0.0021  0.0094  0.0055  0.0105  0.0039
 0.0450  0.0200  0.3847  0.0072  0.0130  0.0146  0.3475  0.0444  0.1117  0.0119
 0.0258  0.0132  0.8001  0.0058  0.0044  0.0029  0.0427  0.0399  0.0607  0.0045
 0.2814  0.4811  0.0217  0.1447  0.0087  0.0036  0.0230  0.0109  0.0183  0.0065
[torch.cuda.FloatTensor of size 16x10 (GPU 1)]
, 
 9
 2
 2
 3
 9
 7
 1
 1
 1
 7
 1
 1
 1
 2
 2
 1
[torch.cuda.LongTensor of size 16 (GPU 1)]
, Variable containing:
 4
 2
 2
 3
 4
 7
 1
 1
 1
 7
 1
 1
 0
 2
 2
 3
[torch.cuda.LongTensor of size 16 (GPU 1)]
)
641/960 correct, 0.668%, avg loss: 3.19615456065
(854, 973)
Epoch: 14, Step: 6900, Train Loss: 1.28, Val Loss: 0.07, Val acc: 0.878
Param Norm1: 51851.49, grad Norm1: 102.41, Param Norm12: 87.23, grad Norm2: 1.00
(793, 973)
Epoch: 14, Step: 7000, Train Loss: 1.12, Val Loss: 0.05, Val acc: 0.815
Param Norm1: 52166.75, grad Norm1: 92.34, Param Norm12: 87.81, grad Norm2: 1.00
(854, 973)
Epoch: 14, Step: 7100, Train Loss: 1.38, Val Loss: 0.06, Val acc: 0.878
Param Norm1: 52357.33, grad Norm1: 81.09, Param Norm12: 88.21, grad Norm2: 1.00
(976, 973)
Epoch: 14, Step: 7200, Train Loss: 1.34, Val Loss: 0.04, Val acc: 1.003
Param Norm1: 52547.78, grad Norm1: 110.98, Param Norm12: 88.56, grad Norm2: 1.00
(854, 973)
Epoch: 14, Step: 7300, Train Loss: 1.23, Val Loss: 0.05, Val acc: 0.878
Param Norm1: 52735.08, grad Norm1: 84.93, Param Norm12: 88.93, grad Norm2: 1.00
Evaluating on training set
Processed 0 batches
(Variable containing:
 0.8224  0.0566  0.0316  0.0152  0.0095  0.0041  0.0187  0.0056  0.0287  0.0076
 0.0143  0.0132  0.0018  0.9345  0.0049  0.0081  0.0064  0.0034  0.0071  0.0061
 0.0661  0.1335  0.0105  0.7435  0.0039  0.0067  0.0135  0.0036  0.0105  0.0082
 0.0259  0.0140  0.0109  0.0175  0.0722  0.2027  0.0173  0.0141  0.0255  0.5999
 0.8844  0.0373  0.0208  0.0103  0.0069  0.0020  0.0083  0.0033  0.0211  0.0057
 0.0336  0.9209  0.0113  0.0154  0.0014  0.0007  0.0049  0.0038  0.0059  0.0021
 0.0306  0.0123  0.0719  0.0143  0.0054  0.0115  0.0750  0.0227  0.7373  0.0189
 0.0043  0.0020  0.9666  0.0011  0.0007  0.0006  0.0083  0.0038  0.0121  0.0007
 0.0830  0.1304  0.0133  0.7085  0.0053  0.0070  0.0180  0.0056  0.0187  0.0103
 0.0931  0.8018  0.0261  0.0282  0.0045  0.0022  0.0119  0.0099  0.0169  0.0054
 0.0068  0.0055  0.0062  0.0012  0.0050  0.0018  0.0066  0.9559  0.0080  0.0031
 0.0678  0.1021  0.0134  0.7435  0.0056  0.0076  0.0186  0.0066  0.0231  0.0117
 0.0267  0.9337  0.0096  0.0142  0.0012  0.0006  0.0041  0.0032  0.0047  0.0018
 0.6968  0.1643  0.0364  0.0271  0.0097  0.0033  0.0133  0.0073  0.0339  0.0078
 0.0047  0.0028  0.9505  0.0015  0.0019  0.0012  0.0113  0.0065  0.0176  0.0020
 0.0375  0.9140  0.0121  0.0161  0.0015  0.0008  0.0053  0.0040  0.0065  0.0022
[torch.cuda.FloatTensor of size 16x10 (GPU 1)]
, 
 0
 3
 3
 9
 0
 1
 8
 2
 3
 1
 7
 3
 1
 0
 2
 1
[torch.cuda.LongTensor of size 16 (GPU 1)]
, Variable containing:
 0
 3
 3
 9
 0
 1
 8
 2
 1
 1
 7
 3
 1
 0
 2
 1
[torch.cuda.LongTensor of size 16 (GPU 1)]
)
Processed 100 batches
Processed 200 batches
Processed 300 batches
Processed 400 batches
6756/7792 correct, 0.867%, avg loss: 1.17620142282
Evaluating on validation set
Processed 0 batches
(Variable containing:
 0.0284  0.0151  0.0113  0.0217  0.1825  0.1895  0.0249  0.0108  0.0245  0.4914
 0.0114  0.0124  0.0024  0.9409  0.0041  0.0065  0.0065  0.0032  0.0076  0.0050
 0.0210  0.9470  0.0077  0.0121  0.0008  0.0005  0.0033  0.0026  0.0036  0.0014
 0.0359  0.0103  0.0763  0.0111  0.0036  0.0066  0.1005  0.0177  0.7254  0.0126
 0.0194  0.9535  0.0065  0.0118  0.0006  0.0003  0.0025  0.0018  0.0028  0.0008
 0.0419  0.9046  0.0133  0.0172  0.0018  0.0009  0.0060  0.0045  0.0074  0.0026
 0.0686  0.8709  0.0167  0.0243  0.0018  0.0009  0.0050  0.0041  0.0060  0.0019
 0.0032  0.0014  0.9722  0.0007  0.0006  0.0004  0.0071  0.0032  0.0108  0.0004
 0.0190  0.9518  0.0072  0.0113  0.0008  0.0004  0.0029  0.0022  0.0032  0.0012
 0.0630  0.8773  0.0099  0.0221  0.0027  0.0014  0.0066  0.0086  0.0049  0.0036
 0.0046  0.0036  0.0036  0.0009  0.0018  0.0016  0.0048  0.9676  0.0065  0.0051
 0.0044  0.0025  0.9676  0.0009  0.0009  0.0005  0.0062  0.0061  0.0102  0.0007
 0.0389  0.0137  0.1363  0.0157  0.0068  0.0202  0.4238  0.0220  0.2980  0.0245
 0.0920  0.7967  0.0203  0.0446  0.0044  0.0020  0.0114  0.0079  0.0147  0.0061
 0.9422  0.0140  0.0088  0.0065  0.0056  0.0012  0.0063  0.0025  0.0088  0.0042
 0.2612  0.6402  0.0156  0.0362  0.0055  0.0018  0.0102  0.0096  0.0107  0.0089
[torch.cuda.FloatTensor of size 16x10 (GPU 1)]
, 
 9
 3
 1
 8
 1
 1
 1
 2
 1
 1
 7
 2
 6
 1
 0
 1
[torch.cuda.LongTensor of size 16 (GPU 1)]
, Variable containing:
 9
 3
 1
 6
 1
 1
 1
 2
 1
 1
 7
 2
 8
 1
 0
 1
[torch.cuda.LongTensor of size 16 (GPU 1)]
)
657/960 correct, 0.684%, avg loss: 3.52635721862
(915, 973)
Epoch: 15, Step: 7400, Train Loss: 1.23, Val Loss: 0.05, Val acc: 0.940
Param Norm1: 52937.28, grad Norm1: 88.66, Param Norm12: 89.30, grad Norm2: 1.00
(854, 973)
Epoch: 15, Step: 7500, Train Loss: 1.19, Val Loss: 0.04, Val acc: 0.878
Param Norm1: 53208.39, grad Norm1: 114.68, Param Norm12: 89.78, grad Norm2: 1.00
(854, 973)
Epoch: 15, Step: 7600, Train Loss: 1.14, Val Loss: 0.05, Val acc: 0.878
Param Norm1: 53477.68, grad Norm1: 78.16, Param Norm12: 90.29, grad Norm2: 1.00
(854, 973)
Epoch: 15, Step: 7700, Train Loss: 1.21, Val Loss: 0.06, Val acc: 0.878
Param Norm1: 53642.42, grad Norm1: 75.85, Param Norm12: 90.59, grad Norm2: 1.00
Evaluating on training set
Processed 0 batches
(Variable containing:
 0.0074  0.9765  0.0026  0.0060  0.0007  0.0002  0.0018  0.0022  0.0018  0.0009
 0.0596  0.0282  0.1764  0.0217  0.0175  0.0099  0.0840  0.0587  0.5257  0.0183
 0.0513  0.0724  0.0139  0.7914  0.0097  0.0064  0.0196  0.0131  0.0170  0.0052
 0.0345  0.0150  0.8502  0.0068  0.0048  0.0015  0.0192  0.0271  0.0386  0.0023
 0.0368  0.9084  0.0131  0.0195  0.0021  0.0009  0.0060  0.0045  0.0069  0.0018
 0.0166  0.0088  0.0240  0.0151  0.0034  0.0051  0.0283  0.0115  0.8819  0.0053
 0.0495  0.9078  0.0089  0.0190  0.0015  0.0007  0.0046  0.0035  0.0034  0.0010
 0.1237  0.0344  0.2145  0.0158  0.0162  0.0078  0.0945  0.0512  0.4302  0.0116
 0.0032  0.0063  0.0062  0.0008  0.0043  0.0009  0.0035  0.9703  0.0034  0.0009
 0.8287  0.0732  0.0286  0.0180  0.0084  0.0023  0.0097  0.0044  0.0221  0.0045
 0.0284  0.0269  0.0277  0.0393  0.0044  0.0058  0.0206  0.0180  0.8230  0.0058
 0.0358  0.9306  0.0090  0.0135  0.0009  0.0007  0.0031  0.0029  0.0027  0.0009
 0.0044  0.0078  0.0048  0.0012  0.0066  0.0011  0.0047  0.9633  0.0049  0.0012
 0.0478  0.8891  0.0156  0.0212  0.0025  0.0010  0.0071  0.0051  0.0086  0.0021
 0.0333  0.9206  0.0112  0.0180  0.0015  0.0006  0.0048  0.0033  0.0054  0.0014
 0.0231  0.9407  0.0084  0.0150  0.0010  0.0005  0.0038  0.0026  0.0039  0.0010
[torch.cuda.FloatTensor of size 16x10 (GPU 1)]
, 
 1
 8
 3
 2
 1
 8
 1
 8
 7
 0
 8
 1
 7
 1
 1
 1
[torch.cuda.LongTensor of size 16 (GPU 1)]
, Variable containing:
 1
 8
 3
 2
 1
 8
 1
 8
 7
 0
 8
 1
 7
 1
 1
 1
[torch.cuda.LongTensor of size 16 (GPU 1)]
)
Processed 100 batches
Processed 200 batches
Processed 300 batches
Processed 400 batches
6798/7792 correct, 0.872%, avg loss: 1.12172265319
Evaluating on validation set
Processed 0 batches
(Variable containing:
 0.0041  0.0016  0.9734  0.0011  0.0008  0.0003  0.0067  0.0037  0.0080  0.0003
 0.0033  0.0015  0.9815  0.0007  0.0007  0.0003  0.0039  0.0030  0.0049  0.0002
 0.0372  0.9096  0.0126  0.0198  0.0019  0.0008  0.0059  0.0041  0.0064  0.0017
 0.0034  0.0017  0.9811  0.0007  0.0007  0.0003  0.0042  0.0029  0.0047  0.0002
 0.0212  0.0189  0.0096  0.0235  0.5346  0.1046  0.0201  0.0211  0.0186  0.2277
 0.1079  0.0557  0.0787  0.0466  0.0169  0.0145  0.0624  0.0411  0.5618  0.0144
 0.0777  0.0526  0.5084  0.0297  0.0112  0.0046  0.0368  0.0682  0.2045  0.0063
 0.2053  0.6336  0.0462  0.0364  0.0083  0.0033  0.0200  0.0152  0.0272  0.0044
 0.0806  0.8298  0.0190  0.0383  0.0035  0.0015  0.0087  0.0062  0.0097  0.0029
 0.0190  0.0180  0.0098  0.0205  0.6133  0.1008  0.0191  0.0173  0.0165  0.1657
 0.1398  0.7544  0.0263  0.0405  0.0045  0.0014  0.0118  0.0076  0.0112  0.0026
 0.1321  0.2259  0.0180  0.5704  0.0053  0.0035  0.0191  0.0066  0.0149  0.0043
 0.0495  0.0167  0.0882  0.0131  0.0130  0.0191  0.6021  0.0199  0.1688  0.0097
 0.1186  0.0873  0.2553  0.0327  0.0454  0.0183  0.0966  0.1349  0.1908  0.0199
 0.0178  0.9510  0.0074  0.0124  0.0009  0.0005  0.0034  0.0024  0.0033  0.0009
 0.0044  0.0071  0.0052  0.0010  0.0064  0.0011  0.0044  0.9644  0.0047  0.0013
[torch.cuda.FloatTensor of size 16x10 (GPU 1)]
, 
 2
 2
 1
 2
 4
 8
 2
 1
 1
 4
 1
 3
 6
 2
 1
 7
[torch.cuda.LongTensor of size 16 (GPU 1)]
, Variable containing:
 2
 2
 1
 2
 9
 8
 7
 0
 0
 9
 1
 3
 6
 2
 1
 7
[torch.cuda.LongTensor of size 16 (GPU 1)]
)
656/960 correct, 0.683%, avg loss: 3.74328885078
(854, 973)
Epoch: 16, Step: 7800, Train Loss: 1.25, Val Loss: 0.10, Val acc: 0.878
Param Norm1: 53925.27, grad Norm1: 103.28, Param Norm12: 91.10, grad Norm2: 1.00
(915, 973)
Epoch: 16, Step: 7900, Train Loss: 1.16, Val Loss: 0.04, Val acc: 0.940
Param Norm1: 54207.40, grad Norm1: 120.54, Param Norm12: 91.61, grad Norm2: 1.00
(854, 973)
Epoch: 16, Step: 8000, Train Loss: 1.07, Val Loss: 0.04, Val acc: 0.878
Param Norm1: 54307.22, grad Norm1: 112.00, Param Norm12: 91.84, grad Norm2: 1.00
(915, 973)
Epoch: 16, Step: 8100, Train Loss: 1.14, Val Loss: 0.04, Val acc: 0.940
Param Norm1: 54496.61, grad Norm1: 93.77, Param Norm12: 92.17, grad Norm2: 1.00
(854, 973)
Epoch: 16, Step: 8200, Train Loss: 1.25, Val Loss: 0.06, Val acc: 0.878
Param Norm1: 54648.46, grad Norm1: 94.74, Param Norm12: 92.45, grad Norm2: 1.00
Evaluating on training set
Processed 0 batches
(Variable containing:
 0.0477  0.8945  0.0143  0.0160  0.0017  0.0008  0.0064  0.0058  0.0107  0.0022
 0.0066  0.0111  0.0080  0.0013  0.0051  0.0017  0.0055  0.9478  0.0102  0.0026
 0.0077  0.9754  0.0040  0.0064  0.0003  0.0002  0.0017  0.0016  0.0021  0.0005
 0.0297  0.0577  0.0050  0.4491  0.0838  0.0619  0.0161  0.0241  0.0210  0.2517
 0.0211  0.9464  0.0077  0.0120  0.0007  0.0004  0.0033  0.0030  0.0044  0.0010
 0.0955  0.2319  0.0150  0.6026  0.0041  0.0040  0.0177  0.0090  0.0153  0.0047
 0.0174  0.0056  0.0283  0.0111  0.0017  0.0058  0.0383  0.0144  0.8690  0.0086
 0.3643  0.0100  0.4858  0.0080  0.0034  0.0024  0.0588  0.0107  0.0523  0.0044
 0.0302  0.9340  0.0079  0.0131  0.0012  0.0004  0.0034  0.0038  0.0048  0.0012
 0.1818  0.6772  0.0345  0.0277  0.0055  0.0025  0.0144  0.0144  0.0361  0.0059
 0.0370  0.0267  0.0131  0.0224  0.1769  0.2729  0.0233  0.0174  0.0250  0.3852
 0.0670  0.0185  0.1477  0.0131  0.0079  0.0108  0.1544  0.0460  0.5208  0.0139
 0.0328  0.0108  0.0276  0.0121  0.0023  0.0030  0.0228  0.0195  0.8637  0.0053
 0.0102  0.9706  0.0045  0.0077  0.0004  0.0002  0.0018  0.0018  0.0023  0.0004
 0.0402  0.0168  0.1921  0.0081  0.0108  0.0159  0.5380  0.0367  0.1283  0.0132
 0.9724  0.0067  0.0035  0.0036  0.0020  0.0005  0.0027  0.0009  0.0054  0.0022
[torch.cuda.FloatTensor of size 16x10 (GPU 1)]
, 
 1
 7
 1
 3
 1
 3
 8
 2
 1
 1
 9
 8
 8
 1
 6
 0
[torch.cuda.LongTensor of size 16 (GPU 1)]
, Variable containing:
 1
 7
 1
 9
 1
 3
 8
 2
 1
 1
 4
 8
 8
 1
 6
 0
[torch.cuda.LongTensor of size 16 (GPU 1)]
)
Processed 100 batches
Processed 200 batches
Processed 300 batches
Processed 400 batches
6992/7792 correct, 0.897%, avg loss: 0.948632260918
Evaluating on validation set
Processed 0 batches
(Variable containing:
 0.8613  0.0317  0.0267  0.0108  0.0073  0.0040  0.0136  0.0083  0.0258  0.0105
 0.0107  0.0138  0.0077  0.0018  0.0088  0.0023  0.0075  0.9278  0.0153  0.0044
 0.0029  0.0014  0.9800  0.0008  0.0004  0.0003  0.0039  0.0025  0.0075  0.0003
 0.0624  0.1030  0.0154  0.7150  0.0067  0.0075  0.0212  0.0209  0.0395  0.0085
 0.0370  0.0123  0.1037  0.0092  0.0077  0.0181  0.6111  0.0246  0.1590  0.0173
 0.0251  0.0207  0.0115  0.0217  0.3581  0.1651  0.0208  0.0170  0.0240  0.3359
 0.0104  0.0068  0.9353  0.0033  0.0011  0.0007  0.0055  0.0113  0.0245  0.0012
 0.0205  0.0156  0.8272  0.0056  0.0052  0.0024  0.0151  0.0767  0.0278  0.0039
 0.1871  0.0417  0.1696  0.0194  0.0153  0.0107  0.0661  0.0749  0.3995  0.0156
 0.0152  0.0039  0.8590  0.0064  0.0011  0.0020  0.0397  0.0062  0.0642  0.0024
 0.0462  0.0804  0.0130  0.7826  0.0048  0.0064  0.0182  0.0143  0.0269  0.0072
 0.0829  0.0576  0.4145  0.0191  0.0169  0.0112  0.0895  0.1133  0.1834  0.0116
 0.4020  0.4615  0.0562  0.0292  0.0035  0.0018  0.0144  0.0102  0.0190  0.0022
 0.0213  0.9473  0.0077  0.0108  0.0007  0.0004  0.0033  0.0030  0.0045  0.0010
 0.0355  0.0100  0.0846  0.0091  0.0058  0.0163  0.6408  0.0200  0.1612  0.0167
 0.0252  0.0184  0.0147  0.0209  0.3298  0.2130  0.0225  0.0147  0.0240  0.3169
[torch.cuda.FloatTensor of size 16x10 (GPU 1)]
, 
 0
 7
 2
 3
 6
 4
 2
 2
 8
 2
 3
 2
 1
 1
 6
 4
[torch.cuda.LongTensor of size 16 (GPU 1)]
, Variable containing:
 0
 7
 2
 3
 6
 4
 7
 8
 0
 2
 3
 6
 0
 1
 8
 9
[torch.cuda.LongTensor of size 16 (GPU 1)]
)
645/960 correct, 0.672%, avg loss: 4.15450544159
(854, 973)
Epoch: 17, Step: 8300, Train Loss: 1.12, Val Loss: 0.07, Val acc: 0.878
Param Norm1: 54818.31, grad Norm1: 92.21, Param Norm12: 92.78, grad Norm2: 1.00
(854, 973)
Epoch: 17, Step: 8400, Train Loss: 1.00, Val Loss: 0.03, Val acc: 0.878
Param Norm1: 54970.58, grad Norm1: 92.12, Param Norm12: 93.08, grad Norm2: 1.00
(793, 973)
Epoch: 17, Step: 8500, Train Loss: 1.00, Val Loss: 0.10, Val acc: 0.815
Param Norm1: 55183.33, grad Norm1: 105.63, Param Norm12: 93.49, grad Norm2: 1.00
(976, 973)
Epoch: 17, Step: 8600, Train Loss: 1.11, Val Loss: 0.02, Val acc: 1.003
Param Norm1: 55484.79, grad Norm1: 100.29, Param Norm12: 93.93, grad Norm2: 1.00
(854, 973)
Epoch: 17, Step: 8700, Train Loss: 1.22, Val Loss: 0.10, Val acc: 0.878
Param Norm1: 55630.42, grad Norm1: 75.61, Param Norm12: 94.24, grad Norm2: 1.00
Evaluating on training set
Processed 0 batches
(Variable containing:
 0.0517  0.0109  0.2084  0.0181  0.0063  0.0186  0.4382  0.0270  0.1913  0.0296
 0.0055  0.0087  0.0146  0.0021  0.0046  0.0020  0.0069  0.9450  0.0078  0.0028
 0.0359  0.9027  0.0184  0.0209  0.0018  0.0008  0.0056  0.0063  0.0050  0.0025
 0.0015  0.0009  0.9891  0.0006  0.0003  0.0002  0.0018  0.0019  0.0036  0.0002
 0.0843  0.8328  0.0304  0.0272  0.0024  0.0012  0.0081  0.0077  0.0038  0.0020
 0.0584  0.0321  0.0917  0.0143  0.0056  0.0074  0.0584  0.0243  0.7009  0.0069
 0.0180  0.0132  0.0072  0.0219  0.0715  0.1468  0.0130  0.0117  0.0167  0.6799
 0.5059  0.3452  0.0562  0.0367  0.0072  0.0027  0.0119  0.0106  0.0183  0.0053
 0.0360  0.0126  0.0577  0.0098  0.0029  0.0052  0.0184  0.0221  0.8285  0.0068
 0.0148  0.0061  0.0275  0.0116  0.0014  0.0041  0.0189  0.0116  0.8950  0.0090
 0.0642  0.8599  0.0229  0.0315  0.0022  0.0010  0.0057  0.0062  0.0048  0.0018
 0.0243  0.0129  0.0134  0.0240  0.3819  0.0831  0.0163  0.0124  0.0152  0.4166
 0.0013  0.0008  0.9903  0.0006  0.0002  0.0002  0.0016  0.0016  0.0033  0.0002
 0.0244  0.9296  0.0131  0.0167  0.0012  0.0007  0.0046  0.0044  0.0035  0.0017
 0.9173  0.0285  0.0129  0.0106  0.0048  0.0014  0.0070  0.0023  0.0105  0.0049
 0.0060  0.0084  0.0160  0.0020  0.0042  0.0015  0.0070  0.9440  0.0083  0.0026
[torch.cuda.FloatTensor of size 16x10 (GPU 1)]
, 
 6
 7
 1
 2
 1
 8
 9
 0
 8
 8
 1
 9
 2
 1
 0
 7
[torch.cuda.LongTensor of size 16 (GPU 1)]
, Variable containing:
 2
 7
 1
 2
 1
 8
 9
 0
 8
 8
 1
 4
 2
 1
 0
 7
[torch.cuda.LongTensor of size 16 (GPU 1)]
)
Processed 100 batches
Processed 200 batches
Processed 300 batches
Processed 400 batches
6948/7792 correct, 0.892%, avg loss: 0.961280791789
Evaluating on validation set
Processed 0 batches
(Variable containing:
 0.1210  0.1896  0.0182  0.6242  0.0034  0.0034  0.0161  0.0068  0.0126  0.0048
 0.3160  0.1907  0.1233  0.2181  0.0121  0.0078  0.0323  0.0218  0.0682  0.0098
 0.0039  0.0028  0.9650  0.0021  0.0012  0.0008  0.0044  0.0123  0.0066  0.0009
 0.7658  0.1143  0.0343  0.0246  0.0087  0.0026  0.0116  0.0075  0.0224  0.0082
 0.3838  0.4232  0.0466  0.0748  0.0103  0.0032  0.0182  0.0155  0.0175  0.0070
 0.0262  0.0084  0.0240  0.0093  0.0016  0.0041  0.0238  0.0122  0.8845  0.0060
 0.0014  0.0006  0.9877  0.0006  0.0005  0.0002  0.0023  0.0022  0.0042  0.0003
 0.8059  0.0203  0.0566  0.0107  0.0079  0.0042  0.0208  0.0107  0.0464  0.0166
 0.0330  0.9083  0.0171  0.0182  0.0019  0.0008  0.0061  0.0060  0.0059  0.0025
 0.0028  0.0046  0.0077  0.0009  0.0010  0.0010  0.0060  0.9696  0.0037  0.0027
 0.1471  0.7048  0.0454  0.0334  0.0065  0.0024  0.0148  0.0156  0.0230  0.0070
 0.0065  0.0099  0.0089  0.0027  0.0133  0.0028  0.0084  0.9323  0.0091  0.0060
 0.0633  0.0138  0.3110  0.0149  0.0074  0.0145  0.3106  0.0327  0.2100  0.0217
 0.0427  0.0134  0.1643  0.0162  0.0048  0.0102  0.1004  0.0341  0.5916  0.0224
 0.0292  0.0433  0.0108  0.8809  0.0020  0.0046  0.0089  0.0059  0.0094  0.0050
 0.6419  0.1479  0.0445  0.0857  0.0158  0.0058  0.0207  0.0106  0.0174  0.0098
[torch.cuda.FloatTensor of size 16x10 (GPU 1)]
, 
 3
 0
 2
 0
 1
 8
 2
 0
 1
 7
 1
 7
 2
 8
 3
 0
[torch.cuda.LongTensor of size 16 (GPU 1)]
, Variable containing:
 3
 2
 2
 1
 1
 6
 2
 0
 1
 7
 0
 7
 6
 8
 3
 0
[torch.cuda.LongTensor of size 16 (GPU 1)]
)
636/960 correct, 0.662%, avg loss: 4.15462616285
(793, 973)
Epoch: 18, Step: 8800, Train Loss: 1.03, Val Loss: 0.05, Val acc: 0.815
Param Norm1: 55841.44, grad Norm1: 106.39, Param Norm12: 94.64, grad Norm2: 1.00
(854, 973)
Epoch: 18, Step: 8900, Train Loss: 1.05, Val Loss: 0.09, Val acc: 0.878
Param Norm1: 56161.71, grad Norm1: 75.94, Param Norm12: 95.22, grad Norm2: 1.00
(854, 973)
Epoch: 18, Step: 9000, Train Loss: 1.05, Val Loss: 0.06, Val acc: 0.878
Param Norm1: 56548.72, grad Norm1: 109.29, Param Norm12: 95.85, grad Norm2: 1.00
(915, 973)
Epoch: 18, Step: 9100, Train Loss: 1.00, Val Loss: 0.04, Val acc: 0.940
Param Norm1: 56708.54, grad Norm1: 90.84, Param Norm12: 96.23, grad Norm2: 1.00
(976, 973)
Epoch: 18, Step: 9200, Train Loss: 1.09, Val Loss: 0.02, Val acc: 1.003
Param Norm1: 56925.02, grad Norm1: 109.48, Param Norm12: 96.67, grad Norm2: 1.00
Evaluating on training set
Processed 0 batches
(Variable containing:
 0.8954  0.0188  0.0153  0.0106  0.0052  0.0025  0.0105  0.0039  0.0274  0.0104
 0.0051  0.0065  0.0104  0.0013  0.0031  0.0015  0.0063  0.9582  0.0057  0.0016
 0.1325  0.0796  0.2436  0.0307  0.0290  0.0230  0.1061  0.1097  0.2173  0.0285
 0.0574  0.8688  0.0093  0.0318  0.0029  0.0011  0.0111  0.0057  0.0076  0.0042
 0.0558  0.0219  0.0164  0.0287  0.0870  0.1590  0.0228  0.0090  0.0471  0.5523
 0.4534  0.3805  0.0456  0.0334  0.0093  0.0032  0.0198  0.0105  0.0354  0.0090
 0.1117  0.7991  0.0192  0.0246  0.0057  0.0019  0.0124  0.0073  0.0145  0.0037
 0.0242  0.0212  0.0040  0.9190  0.0023  0.0035  0.0114  0.0047  0.0064  0.0033
 0.0649  0.0191  0.1486  0.0140  0.0057  0.0101  0.1045  0.0326  0.5808  0.0199
 0.0054  0.0066  0.0089  0.0014  0.0034  0.0017  0.0066  0.9585  0.0057  0.0019
 0.0125  0.0075  0.9308  0.0028  0.0021  0.0011  0.0138  0.0120  0.0159  0.0014
 0.1796  0.6271  0.0899  0.0442  0.0064  0.0024  0.0110  0.0204  0.0151  0.0039
 0.0052  0.0026  0.9475  0.0021  0.0016  0.0016  0.0235  0.0048  0.0101  0.0010
 0.0382  0.0116  0.0663  0.0130  0.0029  0.0083  0.0569  0.0205  0.7649  0.0173
 0.0173  0.0072  0.0234  0.0107  0.0012  0.0045  0.0178  0.0096  0.8981  0.0102
 0.0068  0.0038  0.0078  0.0086  0.0012  0.0022  0.0101  0.0061  0.9492  0.0043
[torch.cuda.FloatTensor of size 16x10 (GPU 1)]
, 
 0
 7
 2
 1
 9
 0
 1
 3
 8
 7
 2
 1
 2
 8
 8
 8
[torch.cuda.LongTensor of size 16 (GPU 1)]
, Variable containing:
 0
 7
 2
 1
 5
 1
 1
 3
 8
 7
 2
 1
 2
 8
 8
 8
[torch.cuda.LongTensor of size 16 (GPU 1)]
)
Processed 100 batches
Processed 200 batches
Processed 300 batches
Processed 400 batches
6903/7792 correct, 0.886%, avg loss: 1.02403352047
Evaluating on validation set
Processed 0 batches
(Variable containing:
 0.0386  0.0205  0.8071  0.0076  0.0064  0.0041  0.0356  0.0280  0.0485  0.0037
 0.1149  0.0784  0.2885  0.0292  0.0221  0.0164  0.0977  0.1108  0.2224  0.0196
 0.0091  0.0034  0.0073  0.0158  0.0153  0.8508  0.0104  0.0033  0.0124  0.0723
 0.0038  0.0021  0.9788  0.0010  0.0006  0.0004  0.0045  0.0030  0.0054  0.0003
 0.0701  0.8516  0.0205  0.0190  0.0032  0.0015  0.0113  0.0061  0.0133  0.0033
 0.0045  0.0015  0.9806  0.0010  0.0010  0.0002  0.0027  0.0022  0.0061  0.0001
 0.0042  0.0035  0.0012  0.9796  0.0008  0.0024  0.0031  0.0012  0.0022  0.0019
 0.0858  0.0307  0.0171  0.2312  0.0816  0.0443  0.0279  0.1142  0.1592  0.2079
 0.3774  0.0152  0.3374  0.0124  0.0053  0.0039  0.1187  0.0146  0.1068  0.0084
 0.2092  0.5112  0.0221  0.1121  0.0242  0.0085  0.0333  0.0300  0.0260  0.0233
 0.0041  0.0020  0.9771  0.0012  0.0005  0.0005  0.0056  0.0024  0.0062  0.0003
 0.2290  0.0396  0.0294  0.0910  0.1034  0.0182  0.0349  0.0922  0.1931  0.1692
 0.2289  0.6471  0.0215  0.0495  0.0070  0.0022  0.0171  0.0081  0.0145  0.0040
 0.0299  0.0552  0.0059  0.8614  0.0066  0.0039  0.0100  0.0177  0.0052  0.0042
 0.0185  0.0061  0.8344  0.0088  0.0018  0.0041  0.0684  0.0075  0.0474  0.0030
 0.0055  0.0068  0.0097  0.0013  0.0031  0.0015  0.0065  0.9576  0.0059  0.0020
[torch.cuda.FloatTensor of size 16x10 (GPU 1)]
, 
 2
 2
 5
 2
 1
 2
 3
 3
 0
 1
 2
 0
 1
 3
 2
 7
[torch.cuda.LongTensor of size 16 (GPU 1)]
, Variable containing:
 2
 2
 5
 8
 1
 2
 3
 2
 0
 1
 2
 0
 0
 1
 8
 7
[torch.cuda.LongTensor of size 16 (GPU 1)]
)
619/960 correct, 0.645%, avg loss: 4.60074151556
(976, 973)
Epoch: 19, Step: 9300, Train Loss: 1.14, Val Loss: 0.01, Val acc: 1.003
Param Norm1: 57090.73, grad Norm1: 77.30, Param Norm12: 97.01, grad Norm2: 1.00
(793, 973)
Epoch: 19, Step: 9400, Train Loss: 1.03, Val Loss: 0.06, Val acc: 0.815
Param Norm1: 57258.82, grad Norm1: 91.58, Param Norm12: 97.30, grad Norm2: 1.00
(915, 973)
Epoch: 19, Step: 9500, Train Loss: 0.98, Val Loss: 0.03, Val acc: 0.940
Param Norm1: 57400.63, grad Norm1: 104.62, Param Norm12: 97.61, grad Norm2: 1.00
(976, 973)
Epoch: 19, Step: 9600, Train Loss: 0.93, Val Loss: 0.00, Val acc: 1.003
Param Norm1: 57598.23, grad Norm1: 157.51, Param Norm12: 97.96, grad Norm2: 1.00
(915, 973)
Epoch: 19, Step: 9700, Train Loss: 1.01, Val Loss: 0.02, Val acc: 0.940
Param Norm1: 57768.76, grad Norm1: 102.08, Param Norm12: 98.27, grad Norm2: 1.00
Evaluating on training set
Processed 0 batches
(Variable containing:
 0.9451  0.0151  0.0070  0.0086  0.0023  0.0005  0.0094  0.0007  0.0094  0.0019
 0.0068  0.0031  0.0085  0.0025  0.0004  0.0011  0.0044  0.0025  0.9685  0.0022
 0.0084  0.9759  0.0042  0.0051  0.0004  0.0002  0.0023  0.0012  0.0019  0.0004
 0.0032  0.0018  0.9768  0.0009  0.0005  0.0004  0.0050  0.0034  0.0077  0.0003
 0.0085  0.9827  0.0028  0.0039  0.0002  0.0001  0.0006  0.0006  0.0004  0.0002
 0.1685  0.2482  0.0197  0.4879  0.0049  0.0026  0.0254  0.0054  0.0331  0.0043
 0.1104  0.0617  0.2926  0.0258  0.0185  0.0183  0.1171  0.0875  0.2526  0.0156
 0.0037  0.0038  0.0033  0.0009  0.0018  0.0010  0.0048  0.9753  0.0042  0.0011
 0.0053  0.0030  0.9639  0.0012  0.0009  0.0006  0.0073  0.0062  0.0110  0.0004
 0.0097  0.9720  0.0048  0.0058  0.0005  0.0002  0.0027  0.0014  0.0023  0.0005
 0.0411  0.9139  0.0122  0.0130  0.0014  0.0005  0.0063  0.0031  0.0070  0.0016
 0.0132  0.9675  0.0052  0.0064  0.0004  0.0002  0.0027  0.0014  0.0024  0.0005
 0.0900  0.0289  0.0677  0.0067  0.0032  0.0021  0.0186  0.0131  0.7645  0.0051
 0.0294  0.9383  0.0086  0.0100  0.0010  0.0004  0.0048  0.0024  0.0042  0.0009
 0.0239  0.9434  0.0087  0.0096  0.0010  0.0004  0.0048  0.0024  0.0048  0.0011
 0.7336  0.1500  0.0351  0.0179  0.0054  0.0014  0.0120  0.0043  0.0343  0.0059
[torch.cuda.FloatTensor of size 16x10 (GPU 1)]
, 
 0
 8
 1
 2
 1
 3
 2
 7
 2
 1
 1
 1
 8
 1
 1
 0
[torch.cuda.LongTensor of size 16 (GPU 1)]
, Variable containing:
 0
 8
 1
 2
 1
 1
 2
 7
 2
 1
 1
 1
 8
 1
 1
 0
[torch.cuda.LongTensor of size 16 (GPU 1)]
)
Processed 100 batches
Processed 200 batches
Processed 300 batches
Processed 400 batches
7068/7792 correct, 0.907%, avg loss: 0.823935457867
Evaluating on validation set
Processed 0 batches
(Variable containing:
 0.0347  0.9277  0.0100  0.0117  0.0010  0.0004  0.0063  0.0022  0.0049  0.0011
 0.0020  0.0024  0.0028  0.0005  0.0012  0.0009  0.0034  0.9837  0.0022  0.0008
 0.0664  0.0347  0.1395  0.0138  0.0080  0.0088  0.0608  0.0350  0.6242  0.0088
 0.1026  0.2166  0.0156  0.6134  0.0027  0.0023  0.0208  0.0035  0.0196  0.0028
 0.0169  0.9580  0.0066  0.0079  0.0007  0.0003  0.0038  0.0018  0.0033  0.0008
 0.0257  0.0174  0.0111  0.0188  0.5855  0.0527  0.0310  0.0449  0.0169  0.1960
 0.0030  0.0026  0.0021  0.0006  0.0004  0.0006  0.0026  0.9825  0.0036  0.0020
 0.0058  0.9817  0.0033  0.0043  0.0003  0.0001  0.0018  0.0009  0.0014  0.0003
 0.0018  0.0010  0.9868  0.0006  0.0003  0.0003  0.0032  0.0015  0.0044  0.0002
 0.0296  0.0126  0.0129  0.0227  0.4414  0.1185  0.0223  0.0084  0.0212  0.3104
 0.0046  0.0028  0.9675  0.0014  0.0006  0.0006  0.0077  0.0033  0.0111  0.0004
 0.0028  0.0057  0.0041  0.0008  0.0024  0.0006  0.0023  0.9769  0.0030  0.0014
 0.0300  0.0581  0.0071  0.8751  0.0015  0.0031  0.0120  0.0018  0.0091  0.0021
 0.0021  0.0009  0.9860  0.0007  0.0003  0.0002  0.0027  0.0014  0.0056  0.0002
 0.0246  0.9372  0.0105  0.0088  0.0009  0.0007  0.0062  0.0035  0.0063  0.0014
 0.2586  0.0255  0.0529  0.0078  0.0067  0.0024  0.0222  0.0085  0.6089  0.0066
[torch.cuda.FloatTensor of size 16x10 (GPU 1)]
, 
 1
 7
 8
 3
 1
 4
 7
 1
 2
 4
 2
 7
 3
 2
 1
 8
[torch.cuda.LongTensor of size 16 (GPU 1)]
, Variable containing:
 0
 7
 8
 3
 1
 9
 7
 0
 2
 4
 6
 7
 3
 2
 1
 8
[torch.cuda.LongTensor of size 16 (GPU 1)]
)
647/960 correct, 0.674%, avg loss: 5.00085766514
